#-----------------------------------------------------------
# Vivado v2022.2 (64-bit)
# SW Build 3671981 on Fri Oct 14 05:00:03 MDT 2022
# IP Build 3669848 on Fri Oct 14 08:30:02 MDT 2022
# Start of session at: Mon Mar 20 14:45:37 2023
# Process ID: 15384
# Current directory: H:/Digital Electronics/Assignment 2/verlog8/Assigment_2
# Command line: vivado.exe -gui_launcher_event rodinguilauncherevent12116 H:\Digital Electronics\Assignment 2\verlog8\Assigment_2\Assigment_2.xpr
# Log file: H:/Digital Electronics/Assignment 2/verlog8/Assigment_2/vivado.log
# Journal file: H:/Digital Electronics/Assignment 2/verlog8/Assigment_2\vivado.jou
# Running On: HW-GRMF1-PC008, OS: Windows, CPU Frequency: 2712 MHz, CPU Physical cores: 4, Host memory: 17053 MB
#-----------------------------------------------------------
INFO: [Common 17-724] Xilinx Tcl Store apps are automatically updated.
start_gui
open_project {H:/Digital Electronics/Assignment 2/verlog8/Assigment_2/Assigment_2.xpr}
WARNING: [Board 49-26] cannot add Board Part xilinx.com:kc705:part0:1.6 available at C:/Vivado/Vivado/2022.2/data/xhub/boards/XilinxBoardStore/boards/Xilinx/kc705/1.6/board.xml as part xc7k325tffg900-2 specified in board_part file is either invalid or not available
WARNING: [Board 49-26] cannot add Board Part xilinx.com:kcu105:part0:1.6 available at C:/Vivado/Vivado/2022.2/data/xhub/boards/XilinxBoardStore/boards/Xilinx/kcu105/1.6/board.xml as part xcku040-ffva1156-2-e specified in board_part file is either invalid or not available
WARNING: [Board 49-26] cannot add Board Part xilinx.com:kcu105:part0:1.7 available at C:/Vivado/Vivado/2022.2/data/xhub/boards/XilinxBoardStore/boards/Xilinx/kcu105/1.7/board.xml as part xcku040-ffva1156-2-e specified in board_part file is either invalid or not available
WARNING: [Board 49-26] cannot add Board Part xilinx.com:kcu116:part0:1.4 available at C:/Vivado/Vivado/2022.2/data/xhub/boards/XilinxBoardStore/boards/Xilinx/kcu116/1.4/board.xml as part xcku5p-ffvb676-2-e specified in board_part file is either invalid or not available
WARNING: [Board 49-26] cannot add Board Part xilinx.com:kcu116:part0:1.5 available at C:/Vivado/Vivado/2022.2/data/xhub/boards/XilinxBoardStore/boards/Xilinx/kcu116/1.5/board.xml as part xcku5p-ffvb676-2-e specified in board_part file is either invalid or not available
WARNING: [Board 49-26] cannot add Board Part xilinx.com:kcu1500:part0:1.2 available at C:/Vivado/Vivado/2022.2/data/xhub/boards/XilinxBoardStore/boards/Xilinx/kcu1500/1.2/board.xml as part xcku115-flvb2104-2-e specified in board_part file is either invalid or not available
WARNING: [Board 49-26] cannot add Board Part xilinx.com:sp701:part0:1.0 available at C:/Vivado/Vivado/2022.2/data/xhub/boards/XilinxBoardStore/boards/Xilinx/sp701/1.0/board.xml as part xc7s100fgga676-2 specified in board_part file is either invalid or not available
WARNING: [Board 49-26] cannot add Board Part xilinx.com:sp701:part0:1.1 available at C:/Vivado/Vivado/2022.2/data/xhub/boards/XilinxBoardStore/boards/Xilinx/sp701/1.1/board.xml as part xc7s100fgga676-2 specified in board_part file is either invalid or not available
WARNING: [Board 49-26] cannot add Board Part xilinx.com:vc707:part0:1.4 available at C:/Vivado/Vivado/2022.2/data/xhub/boards/XilinxBoardStore/boards/Xilinx/vc707/1.4/board.xml as part xc7vx485tffg1761-2 specified in board_part file is either invalid or not available
WARNING: [Board 49-26] cannot add Board Part xilinx.com:vc709:part0:1.8 available at C:/Vivado/Vivado/2022.2/data/xhub/boards/XilinxBoardStore/boards/Xilinx/vc709/1.8/board.xml as part xc7vx690tffg1761-2 specified in board_part file is either invalid or not available
WARNING: [Board 49-26] cannot add Board Part xilinx.com:vck190:part0:2.2 available at C:/Vivado/Vivado/2022.2/data/xhub/boards/XilinxBoardStore/boards/Xilinx/vck190/production/2.2/board.xml as part xcvc1902-vsva2197-2mp-e-s specified in board_part file is either invalid or not available
WARNING: [Board 49-26] cannot add Board Part xilinx.com:vck190:part0:3.0 available at C:/Vivado/Vivado/2022.2/data/xhub/boards/XilinxBoardStore/boards/Xilinx/vck190/production/3.0/board.xml as part xcvc1902-vsva2197-2mp-e-s specified in board_part file is either invalid or not available
WARNING: [Board 49-26] cannot add Board Part xilinx.com:vck190:part0:3.1 available at C:/Vivado/Vivado/2022.2/data/xhub/boards/XilinxBoardStore/boards/Xilinx/vck190/production/3.1/board.xml as part xcvc1902-vsva2197-2mp-e-s specified in board_part file is either invalid or not available
WARNING: [Board 49-26] cannot add Board Part xilinx.com:vck190_newl:part0:1.0 available at C:/Vivado/Vivado/2022.2/data/xhub/boards/XilinxBoardStore/boards/Xilinx/vck190_newl/production/1.0/board.xml as part xcvc1902-vsva2197-2mp-e-s specified in board_part file is either invalid or not available
WARNING: [Board 49-26] cannot add Board Part xilinx.com:vcu108:part0:1.6 available at C:/Vivado/Vivado/2022.2/data/xhub/boards/XilinxBoardStore/boards/Xilinx/vcu108/1.6/board.xml as part xcvu095-ffva2104-2-e specified in board_part file is either invalid or not available
WARNING: [Board 49-26] cannot add Board Part xilinx.com:vcu108:part0:1.7 available at C:/Vivado/Vivado/2022.2/data/xhub/boards/XilinxBoardStore/boards/Xilinx/vcu108/1.7/board.xml as part xcvu095-ffva2104-2-e specified in board_part file is either invalid or not available
WARNING: [Board 49-26] cannot add Board Part xilinx.com:vcu110:part0:1.4 available at C:/Vivado/Vivado/2022.2/data/xhub/boards/XilinxBoardStore/boards/Xilinx/vcu110/1.4/board.xml as part xcvu190-flgc2104-2-e specified in board_part file is either invalid or not available
WARNING: [Board 49-26] cannot add Board Part xilinx.com:vcu118:part0:2.0 available at C:/Vivado/Vivado/2022.2/data/xhub/boards/XilinxBoardStore/boards/Xilinx/vcu118/2.0/board.xml as part xcvu9p-flga2104-2l-e specified in board_part file is either invalid or not available
WARNING: [Board 49-26] cannot add Board Part xilinx.com:vcu118:part0:2.3 available at C:/Vivado/Vivado/2022.2/data/xhub/boards/XilinxBoardStore/boards/Xilinx/vcu118/2.3/board.xml as part xcvu9p-flga2104-2l-e specified in board_part file is either invalid or not available
WARNING: [Board 49-26] cannot add Board Part xilinx.com:vcu118:part0:2.4 available at C:/Vivado/Vivado/2022.2/data/xhub/boards/XilinxBoardStore/boards/Xilinx/vcu118/2.4/board.xml as part xcvu9p-flga2104-2l-e specified in board_part file is either invalid or not available
WARNING: [Board 49-26] cannot add Board Part xilinx.com:vcu128:part0:1.0 available at C:/Vivado/Vivado/2022.2/data/xhub/boards/XilinxBoardStore/boards/Xilinx/vcu128/production/1.0/board.xml as part xcvu37p-fsvh2892-2l-e specified in board_part file is either invalid or not available
WARNING: [Board 49-26] cannot add Board Part xilinx.com:vcu129:part0:1.0 available at C:/Vivado/Vivado/2022.2/data/xhub/boards/XilinxBoardStore/boards/Xilinx/vcu129/production/1.0/board.xml as part xcvu29p-fsga2577-2l-e specified in board_part file is either invalid or not available
WARNING: [Board 49-26] cannot add Board Part xilinx.com:vcu1525:part0:1.3 available at C:/Vivado/Vivado/2022.2/data/xhub/boards/XilinxBoardStore/boards/Xilinx/vcu1525/1.3/board.xml as part xcvu9p-fsgd2104-2l-e specified in board_part file is either invalid or not available
WARNING: [Board 49-26] cannot add Board Part xilinx.com:vek280_es:part0:1.0 available at C:/Vivado/Vivado/2022.2/data/xhub/boards/XilinxBoardStore/boards/Xilinx/vek280/es/1.0/board.xml as part xcve2802-vsvh1760-2lp-e-s-es1 specified in board_part file is either invalid or not available
WARNING: [Board 49-26] cannot add Board Part xilinx.com:vermeo_t1_mpsoc:part0:1.0 available at C:/Vivado/Vivado/2022.2/data/xhub/boards/XilinxBoardStore/boards/Xilinx/vermeo_t1_mpsoc/1.0/board.xml as part xczu19eg-ffvd1760-2l-e specified in board_part file is either invalid or not available
WARNING: [Board 49-26] cannot add Board Part xilinx.com:vermeo_t1_rfsoc:part0:1.0 available at C:/Vivado/Vivado/2022.2/data/xhub/boards/XilinxBoardStore/boards/Xilinx/vermeo_t1_rfsoc/1.0/board.xml as part xczu21dr-ffvd1156-2l-e specified in board_part file is either invalid or not available
WARNING: [Board 49-26] cannot add Board Part xilinx.com:vhk158_es:part0:1.0 available at C:/Vivado/Vivado/2022.2/data/xhub/boards/XilinxBoardStore/boards/Xilinx/vhk158/es/1.0/board.xml as part xcvh1582-vsva3697-2mp-e-s-es1 specified in board_part file is either invalid or not available
WARNING: [Board 49-26] cannot add Board Part xilinx.com:vmk180:part0:2.2 available at C:/Vivado/Vivado/2022.2/data/xhub/boards/XilinxBoardStore/boards/Xilinx/vmk180/production/2.2/board.xml as part xcvm1802-vsva2197-2mp-e-s specified in board_part file is either invalid or not available
WARNING: [Board 49-26] cannot add Board Part xilinx.com:vmk180:part0:3.0 available at C:/Vivado/Vivado/2022.2/data/xhub/boards/XilinxBoardStore/boards/Xilinx/vmk180/production/3.0/board.xml as part xcvm1802-vsva2197-2mp-e-s specified in board_part file is either invalid or not available
WARNING: [Board 49-26] cannot add Board Part xilinx.com:vmk180:part0:3.1 available at C:/Vivado/Vivado/2022.2/data/xhub/boards/XilinxBoardStore/boards/Xilinx/vmk180/production/3.1/board.xml as part xcvm1802-vsva2197-2mp-e-s specified in board_part file is either invalid or not available
WARNING: [Board 49-26] cannot add Board Part xilinx.com:vmk180_newl:part0:1.0 available at C:/Vivado/Vivado/2022.2/data/xhub/boards/XilinxBoardStore/boards/Xilinx/vmk180_newl/production/1.0/board.xml as part xcvm1802-vsva2197-2mp-e-s specified in board_part file is either invalid or not available
WARNING: [Board 49-26] cannot add Board Part xilinx.com:vpk120:part0:1.0 available at C:/Vivado/Vivado/2022.2/data/xhub/boards/XilinxBoardStore/boards/Xilinx/vpk120/production/1.0/board.xml as part xcvp1202-vsva2785-2mp-e-s specified in board_part file is either invalid or not available
WARNING: [Board 49-26] cannot add Board Part xilinx.com:vpk120_es:part0:1.2 available at C:/Vivado/Vivado/2022.2/data/xhub/boards/XilinxBoardStore/boards/Xilinx/vpk120/es/1.2/board.xml as part xcvp1202-vsva2785-2mp-e-s-es1 specified in board_part file is either invalid or not available
WARNING: [Board 49-26] cannot add Board Part xilinx.com:vpk120_es_revb:part0:1.0 available at C:/Vivado/Vivado/2022.2/data/xhub/boards/XilinxBoardStore/boards/Xilinx/vpk120_revb/es/1.0/board.xml as part xcvp1202-vsva2785-2mp-e-s-es1 specified in board_part file is either invalid or not available
WARNING: [Board 49-26] cannot add Board Part xilinx.com:vpk180_es:part0:1.0 available at C:/Vivado/Vivado/2022.2/data/xhub/boards/XilinxBoardStore/boards/Xilinx/vpk180/es/1.0/board.xml as part xcvp1802-lsvc4072-2mp-e-s-es1 specified in board_part file is either invalid or not available
WARNING: [Board 49-26] cannot add Board Part xilinx.com:zc702:part0:1.4 available at C:/Vivado/Vivado/2022.2/data/xhub/boards/XilinxBoardStore/boards/Xilinx/zc702/1.4/board.xml as part xc7z020clg484-1 specified in board_part file is either invalid or not available
WARNING: [Board 49-26] cannot add Board Part xilinx.com:zc706:part0:1.4 available at C:/Vivado/Vivado/2022.2/data/xhub/boards/XilinxBoardStore/boards/Xilinx/zc706/1.4/board.xml as part xc7z045ffg900-2 specified in board_part file is either invalid or not available
WARNING: [Board 49-26] cannot add Board Part xilinx.com:zcu102:part0:3.3 available at C:/Vivado/Vivado/2022.2/data/xhub/boards/XilinxBoardStore/boards/Xilinx/zcu102/3.3/board.xml as part xczu9eg-ffvb1156-2-e specified in board_part file is either invalid or not available
WARNING: [Board 49-26] cannot add Board Part xilinx.com:zcu102:part0:3.4 available at C:/Vivado/Vivado/2022.2/data/xhub/boards/XilinxBoardStore/boards/Xilinx/zcu102/3.4/board.xml as part xczu9eg-ffvb1156-2-e specified in board_part file is either invalid or not available
WARNING: [Board 49-26] cannot add Board Part xilinx.com:zcu104:part0:1.1 available at C:/Vivado/Vivado/2022.2/data/xhub/boards/XilinxBoardStore/boards/Xilinx/zcu104/1.1/board.xml as part xczu7ev-ffvc1156-2-e specified in board_part file is either invalid or not available
WARNING: [Board 49-26] cannot add Board Part xilinx.com:zcu106:part0:2.4 available at C:/Vivado/Vivado/2022.2/data/xhub/boards/XilinxBoardStore/boards/Xilinx/zcu106/2.4/board.xml as part xczu7ev-ffvc1156-2-e specified in board_part file is either invalid or not available
WARNING: [Board 49-26] cannot add Board Part xilinx.com:zcu106:part0:2.5 available at C:/Vivado/Vivado/2022.2/data/xhub/boards/XilinxBoardStore/boards/Xilinx/zcu106/2.5/board.xml as part xczu7ev-ffvc1156-2-e specified in board_part file is either invalid or not available
WARNING: [Board 49-26] cannot add Board Part xilinx.com:zcu106:part0:2.6 available at C:/Vivado/Vivado/2022.2/data/xhub/boards/XilinxBoardStore/boards/Xilinx/zcu106/2.6/board.xml as part xczu7ev-ffvc1156-2-e specified in board_part file is either invalid or not available
WARNING: [Board 49-26] cannot add Board Part xilinx.com:zcu111:part0:1.2 available at C:/Vivado/Vivado/2022.2/data/xhub/boards/XilinxBoardStore/boards/Xilinx/zcu111/1.2/board.xml as part xczu28dr-ffvg1517-2-e specified in board_part file is either invalid or not available
WARNING: [Board 49-26] cannot add Board Part xilinx.com:zcu111:part0:1.3 available at C:/Vivado/Vivado/2022.2/data/xhub/boards/XilinxBoardStore/boards/Xilinx/zcu111/1.3/board.xml as part xczu28dr-ffvg1517-2-e specified in board_part file is either invalid or not available
WARNING: [Board 49-26] cannot add Board Part xilinx.com:zcu111:part0:1.4 available at C:/Vivado/Vivado/2022.2/data/xhub/boards/XilinxBoardStore/boards/Xilinx/zcu111/1.4/board.xml as part xczu28dr-ffvg1517-2-e specified in board_part file is either invalid or not available
WARNING: [Board 49-26] cannot add Board Part xilinx.com:zcu1275:part0:1.0 available at C:/Vivado/Vivado/2022.2/data/xhub/boards/XilinxBoardStore/boards/Xilinx/zcu1275/1.0/board.xml as part xczu29dr-ffvf1760-2-e specified in board_part file is either invalid or not available
WARNING: [Board 49-26] cannot add Board Part xilinx.com:zcu1285:part0:1.0 available at C:/Vivado/Vivado/2022.2/data/xhub/boards/XilinxBoardStore/boards/Xilinx/zcu1285/1.0/board.xml as part xczu39dr-ffvf1760-2-i specified in board_part file is either invalid or not available
WARNING: [Board 49-26] cannot add Board Part xilinx.com:zcu208:part0:2.0 available at C:/Vivado/Vivado/2022.2/data/xhub/boards/XilinxBoardStore/boards/Xilinx/zcu208/production/2.0/board.xml as part xczu48dr-fsvg1517-2-e specified in board_part file is either invalid or not available
WARNING: [Board 49-26] cannot add Board Part xilinx.com:zcu208ld:part0:2.0 available at C:/Vivado/Vivado/2022.2/data/xhub/boards/XilinxBoardStore/boards/Xilinx/zcu208ld/production/2.0/board.xml as part xczu58dr-fsvg1517-2-i specified in board_part file is either invalid or not available
WARNING: [Board 49-26] cannot add Board Part xilinx.com:zcu216:part0:2.0 available at C:/Vivado/Vivado/2022.2/data/xhub/boards/XilinxBoardStore/boards/Xilinx/zcu216/production/2.0/board.xml as part xczu49dr-ffvf1760-2-e specified in board_part file is either invalid or not available
WARNING: [Board 49-26] cannot add Board Part xilinx.com:zcu216ld:part0:2.0 available at C:/Vivado/Vivado/2022.2/data/xhub/boards/XilinxBoardStore/boards/Xilinx/zcu216ld/production/2.0/board.xml as part xczu59dr-ffvf1760-2-i specified in board_part file is either invalid or not available
WARNING: [Board 49-26] cannot add Board Part xilinx.com:zcu670:part0:2.0 available at C:/Vivado/Vivado/2022.2/data/xhub/boards/XilinxBoardStore/boards/Xilinx/zcu670/2.0/board.xml as part xczu67dr-fsve1156-2-i specified in board_part file is either invalid or not available
WARNING: [Board 49-26] cannot add Board Part xilinx.com:zcu670ld:part0:1.0 available at C:/Vivado/Vivado/2022.2/data/xhub/boards/XilinxBoardStore/boards/Xilinx/zcu670ld/1.0/board.xml as part xczu57dr-fsve1156-2-i specified in board_part file is either invalid or not available
INFO: [Project 1-313] Project file moved from 'H:/Advaced digital electronics/Assignment 2/verlog8/Assigment_2' since last save.
INFO: [filemgmt 56-3] Default IP Output Path : Could not find the directory 'H:/Digital Electronics/Assignment 2/verlog8/Assigment_2/Assigment_2.gen/sources_1'.
CRITICAL WARNING: [Project 1-311] Could not find the file 'H:/Digital Electronics/Assignment 2/verlog/AHB2BRAM.v', nor could it be found using path 'H:/Advaced digital electronics/Assignment 2/verlog/AHB2BRAM.v'.
CRITICAL WARNING: [Project 1-311] Could not find the file 'H:/Digital Electronics/Assignment 2/verlog/AHB_7SEG/AHB7SEGDEC.v', nor could it be found using path 'H:/Advaced digital electronics/Assignment 2/verlog/AHB_7SEG/AHB7SEGDEC.v'.
CRITICAL WARNING: [Project 1-311] Could not find the file 'H:/Digital Electronics/Assignment 2/verlog/AHBDCD.v', nor could it be found using path 'H:/Advaced digital electronics/Assignment 2/verlog/AHBDCD.v'.
CRITICAL WARNING: [Project 1-311] Could not find the file 'H:/Digital Electronics/Assignment 2/verlog/AHB_GPIO/AHBGPIO.v', nor could it be found using path 'H:/Advaced digital electronics/Assignment 2/verlog/AHB_GPIO/AHBGPIO.v'.
CRITICAL WARNING: [Project 1-311] Could not find the file 'H:/Digital Electronics/Assignment 2/verlog/AHBMUX.v', nor could it be found using path 'H:/Advaced digital electronics/Assignment 2/verlog/AHBMUX.v'.
CRITICAL WARNING: [Project 1-311] Could not find the file 'H:/Digital Electronics/Assignment 2/verlog/AHB_TIMER/AHBTIMER.v', nor could it be found using path 'H:/Advaced digital electronics/Assignment 2/verlog/AHB_TIMER/AHBTIMER.v'.
CRITICAL WARNING: [Project 1-311] Could not find the file 'H:/Digital Electronics/Assignment 2/verlog/AHB_UART/AHBUART.v', nor could it be found using path 'H:/Advaced digital electronics/Assignment 2/verlog/AHB_UART/AHBUART.v'.
CRITICAL WARNING: [Project 1-311] Could not find the file 'H:/Digital Electronics/Assignment 2/verlog/AHB_VGA/AHBVGASYS.v', nor could it be found using path 'H:/Advaced digital electronics/Assignment 2/verlog/AHB_VGA/AHBVGASYS.v'.
CRITICAL WARNING: [Project 1-311] Could not find the file 'H:/Digital Electronics/Assignment 2/verlog/CORTEXM0INTEGRATION.v', nor could it be found using path 'H:/Advaced digital electronics/Assignment 2/verlog/CORTEXM0INTEGRATION.v'.
CRITICAL WARNING: [Project 1-311] Could not find the file 'H:/Digital Electronics/Assignment 2/verlog/AHB_UART/baudgen.v', nor could it be found using path 'H:/Advaced digital electronics/Assignment 2/verlog/AHB_UART/baudgen.v'.
CRITICAL WARNING: [Project 1-311] Could not find the file 'H:/Digital Electronics/Assignment 2/verlog/cortexm0ds_logic.v', nor could it be found using path 'H:/Advaced digital electronics/Assignment 2/verlog/cortexm0ds_logic.v'.
CRITICAL WARNING: [Project 1-311] Could not find the file 'H:/Digital Electronics/Assignment 2/verlog/AHB_VGA/counter.v', nor could it be found using path 'H:/Advaced digital electronics/Assignment 2/verlog/AHB_VGA/counter.v'.
CRITICAL WARNING: [Project 1-311] Could not find the file 'H:/Digital Electronics/Assignment 2/verlog/AHB_VGA/dual_port_ram_sync.v', nor could it be found using path 'H:/Advaced digital electronics/Assignment 2/verlog/AHB_VGA/dual_port_ram_sync.v'.
CRITICAL WARNING: [Project 1-311] Could not find the file 'H:/Digital Electronics/Assignment 2/verlog/AHB_UART/fifo.v', nor could it be found using path 'H:/Advaced digital electronics/Assignment 2/verlog/AHB_UART/fifo.v'.
CRITICAL WARNING: [Project 1-311] Could not find the file 'H:/Digital Electronics/Assignment 2/verlog/AHB_VGA/font_rom.v', nor could it be found using path 'H:/Advaced digital electronics/Assignment 2/verlog/AHB_VGA/font_rom.v'.
CRITICAL WARNING: [Project 1-311] Could not find the file 'H:/Digital Electronics/Assignment 2/verlog/AHB_TIMER/prescaler.v', nor could it be found using path 'H:/Advaced digital electronics/Assignment 2/verlog/AHB_TIMER/prescaler.v'.
CRITICAL WARNING: [Project 1-311] Could not find the file 'H:/Digital Electronics/Assignment 2/verlog/AHB_UART/uart_rx.v', nor could it be found using path 'H:/Advaced digital electronics/Assignment 2/verlog/AHB_UART/uart_rx.v'.
CRITICAL WARNING: [Project 1-311] Could not find the file 'H:/Digital Electronics/Assignment 2/verlog/AHB_UART/uart_tx.v', nor could it be found using path 'H:/Advaced digital electronics/Assignment 2/verlog/AHB_UART/uart_tx.v'.
CRITICAL WARNING: [Project 1-311] Could not find the file 'H:/Digital Electronics/Assignment 2/verlog/AHB_VGA/vga_console.v', nor could it be found using path 'H:/Advaced digital electronics/Assignment 2/verlog/AHB_VGA/vga_console.v'.
CRITICAL WARNING: [Project 1-311] Could not find the file 'H:/Digital Electronics/Assignment 2/verlog/AHB_VGA/vga_image.v', nor could it be found using path 'H:/Advaced digital electronics/Assignment 2/verlog/AHB_VGA/vga_image.v'.
CRITICAL WARNING: [Project 1-311] Could not find the file 'H:/Digital Electronics/Assignment 2/verlog/AHB_VGA/vga_sync.v', nor could it be found using path 'H:/Advaced digital electronics/Assignment 2/verlog/AHB_VGA/vga_sync.v'.
CRITICAL WARNING: [Project 1-311] Could not find the file 'H:/Digital Electronics/Assignment 2/verlog/AHBLITE_SYS.v', nor could it be found using path 'H:/Advaced digital electronics/Assignment 2/verlog/AHBLITE_SYS.v'.
CRITICAL WARNING: [Project 1-311] Could not find the file 'H:/Digital Electronics/Assignment 2/verlog/AHB_GPIO/AHBGPIO2023.v', nor could it be found using path 'H:/Advaced digital electronics/Assignment 2/verlog/AHB_GPIO/AHBGPIO2023.v'.
CRITICAL WARNING: [Project 1-311] Could not find the file 'H:/Digital Electronics/Assignment 2/verlog/AHB_TIMER/AHBTIMER2023.v', nor could it be found using path 'H:/Advaced digital electronics/Assignment 2/verlog/AHB_TIMER/AHBTIMER2023.v'.
CRITICAL WARNING: [Project 1-311] Could not find the file 'H:/Digital Electronics/Assignment 2/verlog/AHB_TIMER/prescaler2023.v', nor could it be found using path 'H:/Advaced digital electronics/Assignment 2/verlog/AHB_TIMER/prescaler2023.v'.
Scanning sources...
Finished scanning sources
INFO: [IP_Flow 19-234] Refreshing IP repositories
INFO: [IP_Flow 19-1704] No user IP repositories specified
INFO: [IP_Flow 19-2313] Loaded Vivado IP repository 'C:/Vivado/Vivado/2022.2/data/ip'.
open_project: Time (s): cpu = 00:00:25 ; elapsed = 00:00:14 . Memory (MB): peak = 1120.391 ; gain = 288.988
update_compile_order -fileset sources_1
exit
INFO: [Common 17-206] Exiting Vivado at Mon Mar 20 14:47:06 2023...
