Copyright 1986-2022 Xilinx, Inc. All Rights Reserved.
------------------------------------------------------------------------------------------------------------------------------------------------------------------------------------------------------------------------------
| Tool Version : Vivado v.2022.2 (win64) Build 3671981 Fri Oct 14 05:00:03 MDT 2022
| Date         : Tue Mar  7 17:27:42 2023
| Host         : HW-GRMF1-PC014 running 64-bit major release  (build 9200)
| Command      : report_timing_summary -max_paths 10 -report_unconstrained -file AHBLITE_SYS_timing_summary_routed.rpt -pb AHBLITE_SYS_timing_summary_routed.pb -rpx AHBLITE_SYS_timing_summary_routed.rpx -warn_on_violation
| Design       : AHBLITE_SYS
| Device       : 7a35t-cpg236
| Speed File   : -3  PRODUCTION 1.23 2018-06-13
------------------------------------------------------------------------------------------------------------------------------------------------------------------------------------------------------------------------------

Timing Summary Report

------------------------------------------------------------------------------------------------
| Timer Settings
| --------------
------------------------------------------------------------------------------------------------

  Enable Multi Corner Analysis               :  Yes
  Enable Pessimism Removal                   :  Yes
  Pessimism Removal Resolution               :  Nearest Common Node
  Enable Input Delay Default Clock           :  No
  Enable Preset / Clear Arcs                 :  No
  Disable Flight Delays                      :  No
  Ignore I/O Paths                           :  No
  Timing Early Launch at Borrowing Latches   :  No
  Borrow Time for Max Delay Exceptions       :  Yes
  Merge Timing Exceptions                    :  Yes

  Corner  Analyze    Analyze    
  Name    Max Paths  Min Paths  
  ------  ---------  ---------  
  Slow    Yes        Yes        
  Fast    Yes        Yes        


------------------------------------------------------------------------------------------------
| Report Methodology
| ------------------
------------------------------------------------------------------------------------------------

Rule       Severity          Description                  Violations  
---------  ----------------  ---------------------------  ----------  
TIMING-17  Critical Warning  Non-clocked sequential cell  1000        
SYNTH-10   Warning           Wide multiplier              3           
SYNTH-16   Warning           Address collision            9           

Note: This report is based on the most recent report_methodology run and may not be up-to-date. Run report_methodology on the current design for the latest report.



check_timing report

Table of Contents
-----------------
1. checking no_clock (1400)
2. checking constant_clock (0)
3. checking pulse_width_clock (0)
4. checking unconstrained_internal_endpoints (3569)
5. checking no_input_delay (10)
6. checking no_output_delay (31)
7. checking multiple_clock (0)
8. checking generated_clocks (0)
9. checking loops (0)
10. checking partial_input_delay (0)
11. checking partial_output_delay (0)
12. checking latch_loops (0)

1. checking no_clock (1400)
---------------------------
 There are 1396 register/latch pins with no clock driven by root clock pin: clk_div_reg/Q (HIGH)

 There are 4 register/latch pins with no clock driven by root clock pin: uAHB7SEGDEC/counter_reg[15]/Q (HIGH)


2. checking constant_clock (0)
------------------------------
 There are 0 register/latch pins with constant_clock.


3. checking pulse_width_clock (0)
---------------------------------
 There are 0 register/latch pins which need pulse_width check


4. checking unconstrained_internal_endpoints (3569)
---------------------------------------------------
 There are 3569 pins that are not constrained for maximum delay. (HIGH)

 There are 0 pins that are not constrained for maximum delay due to constant clock.


5. checking no_input_delay (10)
-------------------------------
 There are 10 input ports with no input delay specified. (HIGH)

 There are 0 input ports with no input delay but user has a false path constraint.


6. checking no_output_delay (31)
--------------------------------
 There are 31 ports with no output delay specified. (HIGH)

 There are 0 ports with no output delay but user has a false path constraint

 There are 0 ports with no output delay but with a timing clock defined on it or propagating through it


7. checking multiple_clock (0)
------------------------------
 There are 0 register/latch pins with multiple clocks.


8. checking generated_clocks (0)
--------------------------------
 There are 0 generated clocks that are not connected to a clock source.


9. checking loops (0)
---------------------
 There are 0 combinational loops in the design.


10. checking partial_input_delay (0)
------------------------------------
 There are 0 input ports with partial input delay specified.


11. checking partial_output_delay (0)
-------------------------------------
 There are 0 ports with partial output delay specified.


12. checking latch_loops (0)
----------------------------
 There are 0 combinational latch loops in the design through latch input



------------------------------------------------------------------------------------------------
| Design Timing Summary
| ---------------------
------------------------------------------------------------------------------------------------

    WNS(ns)      TNS(ns)  TNS Failing Endpoints  TNS Total Endpoints      WHS(ns)      THS(ns)  THS Failing Endpoints  THS Total Endpoints     WPWS(ns)     TPWS(ns)  TPWS Failing Endpoints  TPWS Total Endpoints  
    -------      -------  ---------------------  -------------------      -------      -------  ---------------------  -------------------     --------     --------  ----------------------  --------------------  
      9.194        0.000                      0                    1        0.266        0.000                      0                    1        4.500        0.000                       0                     2  


All user specified timing constraints are met.


------------------------------------------------------------------------------------------------
| Clock Summary
| -------------
------------------------------------------------------------------------------------------------

Clock        Waveform(ns)       Period(ns)      Frequency(MHz)
-----        ------------       ----------      --------------
sys_clk_pin  {0.000 5.000}      10.000          100.000         


------------------------------------------------------------------------------------------------
| Intra Clock Table
| -----------------
------------------------------------------------------------------------------------------------

Clock             WNS(ns)      TNS(ns)  TNS Failing Endpoints  TNS Total Endpoints      WHS(ns)      THS(ns)  THS Failing Endpoints  THS Total Endpoints     WPWS(ns)     TPWS(ns)  TPWS Failing Endpoints  TPWS Total Endpoints  
-----             -------      -------  ---------------------  -------------------      -------      -------  ---------------------  -------------------     --------     --------  ----------------------  --------------------  
sys_clk_pin         9.194        0.000                      0                    1        0.266        0.000                      0                    1        4.500        0.000                       0                     2  


------------------------------------------------------------------------------------------------
| Inter Clock Table
| -----------------
------------------------------------------------------------------------------------------------

From Clock    To Clock          WNS(ns)      TNS(ns)  TNS Failing Endpoints  TNS Total Endpoints      WHS(ns)      THS(ns)  THS Failing Endpoints  THS Total Endpoints  
----------    --------          -------      -------  ---------------------  -------------------      -------      -------  ---------------------  -------------------  


------------------------------------------------------------------------------------------------
| Other Path Groups Table
| -----------------------
------------------------------------------------------------------------------------------------

Path Group    From Clock    To Clock          WNS(ns)      TNS(ns)  TNS Failing Endpoints  TNS Total Endpoints      WHS(ns)      THS(ns)  THS Failing Endpoints  THS Total Endpoints  
----------    ----------    --------          -------      -------  ---------------------  -------------------      -------      -------  ---------------------  -------------------  


------------------------------------------------------------------------------------------------
| User Ignored Path Table
| -----------------------
------------------------------------------------------------------------------------------------

Path Group    From Clock    To Clock    
----------    ----------    --------    


------------------------------------------------------------------------------------------------
| Unconstrained Path Table
| ------------------------
------------------------------------------------------------------------------------------------

Path Group    From Clock    To Clock    
----------    ----------    --------    
(none)                                    


------------------------------------------------------------------------------------------------
| Timing Details
| --------------
------------------------------------------------------------------------------------------------


---------------------------------------------------------------------------------------------------
From Clock:  sys_clk_pin
  To Clock:  sys_clk_pin

Setup :            0  Failing Endpoints,  Worst Slack        9.194ns,  Total Violation        0.000ns
Hold  :            0  Failing Endpoints,  Worst Slack        0.266ns,  Total Violation        0.000ns
PW    :            0  Failing Endpoints,  Worst Slack        4.500ns,  Total Violation        0.000ns
---------------------------------------------------------------------------------------------------


Max Delay Paths
--------------------------------------------------------------------------------------
Slack (MET) :             9.194ns  (required time - arrival time)
  Source:                 clk_div_reg/C
                            (rising edge-triggered cell FDRE clocked by sys_clk_pin  {rise@0.000ns fall@5.000ns period=10.000ns})
  Destination:            clk_div_reg/D
                            (rising edge-triggered cell FDRE clocked by sys_clk_pin  {rise@0.000ns fall@5.000ns period=10.000ns})
  Path Group:             sys_clk_pin
  Path Type:              Setup (Max at Slow Process Corner)
  Requirement:            10.000ns  (sys_clk_pin rise@10.000ns - sys_clk_pin rise@0.000ns)
  Data Path Delay:        0.800ns  (logic 0.438ns (54.725%)  route 0.362ns (45.275%))
  Logic Levels:           1  (LUT1=1)
  Clock Path Skew:        0.000ns (DCD - SCD + CPR)
    Destination Clock Delay (DCD):    3.863ns = ( 13.863 - 10.000 ) 
    Source Clock Delay      (SCD):    4.119ns
    Clock Pessimism Removal (CPR):    0.256ns
  Clock Uncertainty:      0.035ns  ((TSJ^2 + TIJ^2)^1/2 + DJ) / 2 + PE
    Total System Jitter     (TSJ):    0.071ns
    Total Input Jitter      (TIJ):    0.000ns
    Discrete Jitter          (DJ):    0.000ns
    Phase Error              (PE):    0.000ns

    Location             Delay type                Incr(ns)  Path(ns)    Netlist Resource(s)
  -------------------------------------------------------------------    -------------------
                         (clock sys_clk_pin rise edge)
                                                      0.000     0.000 r  
    W5                                                0.000     0.000 r  CLK (IN)
                         net (fo=0)                   0.000     0.000    CLK
    W5                   IBUF (Prop_ibuf_I_O)         1.306     1.306 r  CLK_IBUF_inst/O
                         net (fo=1, routed)           1.497     2.804    CLK_IBUF
    BUFGCTRL_X0Y1        BUFG (Prop_bufg_I_O)         0.076     2.880 r  CLK_IBUF_BUFG_inst/O
                         net (fo=1, routed)           1.240     4.119    CLK_IBUF_BUFG
    SLICE_X36Y46         FDRE                                         r  clk_div_reg/C
  -------------------------------------------------------------------    -------------------
    SLICE_X36Y46         FDRE (Prop_fdre_C_Q)         0.341     4.460 f  clk_div_reg/Q
                         net (fo=2, routed)           0.362     4.822    clk_div
    SLICE_X36Y46         LUT1 (Prop_lut1_I0_O)        0.097     4.919 r  clk_div_i_1/O
                         net (fo=1, routed)           0.000     4.919    p_0_in__0
    SLICE_X36Y46         FDRE                                         r  clk_div_reg/D
  -------------------------------------------------------------------    -------------------

                         (clock sys_clk_pin rise edge)
                                                     10.000    10.000 r  
    W5                                                0.000    10.000 r  CLK (IN)
                         net (fo=0)                   0.000    10.000    CLK
    W5                   IBUF (Prop_ibuf_I_O)         1.240    11.240 r  CLK_IBUF_inst/O
                         net (fo=1, routed)           1.415    12.654    CLK_IBUF
    BUFGCTRL_X0Y1        BUFG (Prop_bufg_I_O)         0.072    12.726 r  CLK_IBUF_BUFG_inst/O
                         net (fo=1, routed)           1.137    13.863    CLK_IBUF_BUFG
    SLICE_X36Y46         FDRE                                         r  clk_div_reg/C
                         clock pessimism              0.256    14.119    
                         clock uncertainty           -0.035    14.084    
    SLICE_X36Y46         FDRE (Setup_fdre_C_D)        0.030    14.114    clk_div_reg
  -------------------------------------------------------------------
                         required time                         14.114    
                         arrival time                          -4.919    
  -------------------------------------------------------------------
                         slack                                  9.194    





Min Delay Paths
--------------------------------------------------------------------------------------
Slack (MET) :             0.266ns  (arrival time - required time)
  Source:                 clk_div_reg/C
                            (rising edge-triggered cell FDRE clocked by sys_clk_pin  {rise@0.000ns fall@5.000ns period=10.000ns})
  Destination:            clk_div_reg/D
                            (rising edge-triggered cell FDRE clocked by sys_clk_pin  {rise@0.000ns fall@5.000ns period=10.000ns})
  Path Group:             sys_clk_pin
  Path Type:              Hold (Min at Fast Process Corner)
  Requirement:            0.000ns  (sys_clk_pin rise@0.000ns - sys_clk_pin rise@0.000ns)
  Data Path Delay:        0.357ns  (logic 0.186ns (52.048%)  route 0.171ns (47.952%))
  Logic Levels:           1  (LUT1=1)
  Clock Path Skew:        0.000ns (DCD - SCD - CPR)
    Destination Clock Delay (DCD):    1.959ns
    Source Clock Delay      (SCD):    1.446ns
    Clock Pessimism Removal (CPR):    0.513ns

    Location             Delay type                Incr(ns)  Path(ns)    Netlist Resource(s)
  -------------------------------------------------------------------    -------------------
                         (clock sys_clk_pin rise edge)
                                                      0.000     0.000 r  
    W5                                                0.000     0.000 r  CLK (IN)
                         net (fo=0)                   0.000     0.000    CLK
    W5                   IBUF (Prop_ibuf_I_O)         0.226     0.226 r  CLK_IBUF_inst/O
                         net (fo=1, routed)           0.631     0.858    CLK_IBUF
    BUFGCTRL_X0Y1        BUFG (Prop_bufg_I_O)         0.026     0.884 r  CLK_IBUF_BUFG_inst/O
                         net (fo=1, routed)           0.563     1.446    CLK_IBUF_BUFG
    SLICE_X36Y46         FDRE                                         r  clk_div_reg/C
  -------------------------------------------------------------------    -------------------
    SLICE_X36Y46         FDRE (Prop_fdre_C_Q)         0.141     1.587 f  clk_div_reg/Q
                         net (fo=2, routed)           0.171     1.758    clk_div
    SLICE_X36Y46         LUT1 (Prop_lut1_I0_O)        0.045     1.803 r  clk_div_i_1/O
                         net (fo=1, routed)           0.000     1.803    p_0_in__0
    SLICE_X36Y46         FDRE                                         r  clk_div_reg/D
  -------------------------------------------------------------------    -------------------

                         (clock sys_clk_pin rise edge)
                                                      0.000     0.000 r  
    W5                                                0.000     0.000 r  CLK (IN)
                         net (fo=0)                   0.000     0.000    CLK
    W5                   IBUF (Prop_ibuf_I_O)         0.414     0.414 r  CLK_IBUF_inst/O
                         net (fo=1, routed)           0.685     1.099    CLK_IBUF
    BUFGCTRL_X0Y1        BUFG (Prop_bufg_I_O)         0.029     1.128 r  CLK_IBUF_BUFG_inst/O
                         net (fo=1, routed)           0.832     1.959    CLK_IBUF_BUFG
    SLICE_X36Y46         FDRE                                         r  clk_div_reg/C
                         clock pessimism             -0.513     1.446    
    SLICE_X36Y46         FDRE (Hold_fdre_C_D)         0.091     1.537    clk_div_reg
  -------------------------------------------------------------------
                         required time                         -1.537    
                         arrival time                           1.803    
  -------------------------------------------------------------------
                         slack                                  0.266    





Pulse Width Checks
--------------------------------------------------------------------------------------
Clock Name:         sys_clk_pin
Waveform(ns):       { 0.000 5.000 }
Period(ns):         10.000
Sources:            { CLK }

Check Type        Corner  Lib Pin  Reference Pin  Required(ns)  Actual(ns)  Slack(ns)  Location       Pin
Min Period        n/a     BUFG/I   n/a            1.592         10.000      8.408      BUFGCTRL_X0Y1  CLK_IBUF_BUFG_inst/I
Min Period        n/a     FDRE/C   n/a            1.000         10.000      9.000      SLICE_X36Y46   clk_div_reg/C
Low Pulse Width   Slow    FDRE/C   n/a            0.500         5.000       4.500      SLICE_X36Y46   clk_div_reg/C
Low Pulse Width   Fast    FDRE/C   n/a            0.500         5.000       4.500      SLICE_X36Y46   clk_div_reg/C
High Pulse Width  Slow    FDRE/C   n/a            0.500         5.000       4.500      SLICE_X36Y46   clk_div_reg/C
High Pulse Width  Fast    FDRE/C   n/a            0.500         5.000       4.500      SLICE_X36Y46   clk_div_reg/C



--------------------------------------------------------------------------------------
Path Group:  (none)
From Clock:  
  To Clock:  

Max Delay          3600 Endpoints
Min Delay          3600 Endpoints
--------------------------------------------------------------------------------------


Max Delay Paths
--------------------------------------------------------------------------------------
Slack:                    inf
  Source:                 u_CORTEXM0INTEGRATION/u_logic/M6kax6_reg/C
                            (rising edge-triggered cell FDRE)
  Destination:            u_CORTEXM0INTEGRATION/u_logic/Vgjpw6_reg/D
  Path Group:             (none)
  Path Type:              Max at Slow Process Corner
  Data Path Delay:        21.110ns  (logic 6.865ns (32.520%)  route 14.245ns (67.480%))
  Logic Levels:           20  (CARRY4=3 DSP48E1=2 FDRE=1 LUT2=2 LUT4=1 LUT5=4 LUT6=7)

    Location             Delay type                Incr(ns)  Path(ns)    Netlist Resource(s)
  -------------------------------------------------------------------    -------------------
    SLICE_X61Y12         FDRE                         0.000     0.000 r  u_CORTEXM0INTEGRATION/u_logic/M6kax6_reg/C
    SLICE_X61Y12         FDRE (Prop_fdre_C_Q)         0.341     0.341 f  u_CORTEXM0INTEGRATION/u_logic/M6kax6_reg/Q
                         net (fo=172, routed)         3.549     3.890    u_CORTEXM0INTEGRATION/u_logic/M6kax6
    SLICE_X62Y31         LUT4 (Prop_lut4_I1_O)        0.101     3.991 f  u_CORTEXM0INTEGRATION/u_logic/Affpw60_i_104/O
                         net (fo=23, routed)          1.686     5.677    u_CORTEXM0INTEGRATION/u_logic/Affpw60_i_104_n_0
    SLICE_X64Y20         LUT5 (Prop_lut5_I1_O)        0.239     5.916 r  u_CORTEXM0INTEGRATION/u_logic/Affpw60__0_i_64/O
                         net (fo=1, routed)           0.544     6.460    u_CORTEXM0INTEGRATION/u_logic/Affpw60__0_i_64_n_0
    SLICE_X64Y21         LUT6 (Prop_lut6_I5_O)        0.097     6.557 r  u_CORTEXM0INTEGRATION/u_logic/Affpw60__0_i_32/O
                         net (fo=6, routed)           1.194     7.751    u_CORTEXM0INTEGRATION/u_logic/Affpw60__0_i_32_n_0
    SLICE_X53Y28         LUT2 (Prop_lut2_I1_O)        0.111     7.862 r  u_CORTEXM0INTEGRATION/u_logic/Affpw60__0_i_13/O
                         net (fo=2, routed)           0.402     8.264    u_CORTEXM0INTEGRATION/u_logic/Mifpw6[6]
    DSP48_X1Y11          DSP48E1 (Prop_dsp48e1_A[6]_PCOUT[47])
                                                      3.112    11.376 r  u_CORTEXM0INTEGRATION/u_logic/Affpw60__0/PCOUT[47]
                         net (fo=1, routed)           0.002    11.378    u_CORTEXM0INTEGRATION/u_logic/Affpw60__0_n_106
    DSP48_X1Y12          DSP48E1 (Prop_dsp48e1_PCIN[47]_P[1])
                                                      1.107    12.485 r  u_CORTEXM0INTEGRATION/u_logic/Affpw60__1/P[1]
                         net (fo=2, routed)           1.102    13.587    u_CORTEXM0INTEGRATION/u_logic/Affpw60__1_n_104
    SLICE_X54Y26         LUT2 (Prop_lut2_I0_O)        0.097    13.684 r  u_CORTEXM0INTEGRATION/u_logic/C9wpw6_i_8/O
                         net (fo=1, routed)           0.000    13.684    u_CORTEXM0INTEGRATION/u_logic/C9wpw6_i_8_n_0
    SLICE_X54Y26         CARRY4 (Prop_carry4_S[2]_CO[3])
                                                      0.286    13.970 r  u_CORTEXM0INTEGRATION/u_logic/C9wpw6_reg_i_6/CO[3]
                         net (fo=1, routed)           0.000    13.970    u_CORTEXM0INTEGRATION/u_logic/C9wpw6_reg_i_6_n_0
    SLICE_X54Y27         CARRY4 (Prop_carry4_CI_CO[3])
                                                      0.092    14.062 r  u_CORTEXM0INTEGRATION/u_logic/Ozopw6_reg_i_16/CO[3]
                         net (fo=1, routed)           0.000    14.062    u_CORTEXM0INTEGRATION/u_logic/Ozopw6_reg_i_16_n_0
    SLICE_X54Y28         CARRY4 (Prop_carry4_CI_O[0])
                                                      0.157    14.219 r  u_CORTEXM0INTEGRATION/u_logic/Z5tpw6_reg_i_8/O[0]
                         net (fo=1, routed)           1.023    15.242    u_CORTEXM0INTEGRATION/u_logic/p_1_in62_in
    SLICE_X56Y19         LUT5 (Prop_lut5_I0_O)        0.212    15.454 r  u_CORTEXM0INTEGRATION/u_logic/Yrspw6_i_8/O
                         net (fo=1, routed)           0.646    16.100    u_CORTEXM0INTEGRATION/u_logic/Yrspw6_i_8_n_0
    SLICE_X55Y25         LUT6 (Prop_lut6_I0_O)        0.234    16.334 r  u_CORTEXM0INTEGRATION/u_logic/Yrspw6_i_4/O
                         net (fo=1, routed)           0.632    16.966    u_CORTEXM0INTEGRATION/u_logic/Yrspw6_i_4_n_0
    SLICE_X51Y27         LUT5 (Prop_lut5_I4_O)        0.097    17.063 r  u_CORTEXM0INTEGRATION/u_logic/Yrspw6_i_2/O
                         net (fo=2, routed)           0.379    17.442    u_CORTEXM0INTEGRATION/u_logic/Yrspw6_i_2_n_0
    SLICE_X50Y27         LUT6 (Prop_lut6_I4_O)        0.097    17.539 r  u_CORTEXM0INTEGRATION/u_logic/Vgjpw6_i_44/O
                         net (fo=1, routed)           0.901    18.440    u_CORTEXM0INTEGRATION/u_logic/Vgjpw6_i_44_n_0
    SLICE_X50Y22         LUT5 (Prop_lut5_I0_O)        0.097    18.537 r  u_CORTEXM0INTEGRATION/u_logic/Vgjpw6_i_36/O
                         net (fo=2, routed)           0.565    19.101    u_CORTEXM0INTEGRATION/u_logic/Vgjpw6_i_36_n_0
    SLICE_X51Y19         LUT6 (Prop_lut6_I0_O)        0.097    19.198 r  u_CORTEXM0INTEGRATION/u_logic/Vgjpw6_i_31/O
                         net (fo=1, routed)           0.190    19.388    u_CORTEXM0INTEGRATION/u_logic/Vgjpw6_i_31_n_0
    SLICE_X51Y18         LUT6 (Prop_lut6_I2_O)        0.097    19.485 r  u_CORTEXM0INTEGRATION/u_logic/Vgjpw6_i_16/O
                         net (fo=1, routed)           0.850    20.336    u_CORTEXM0INTEGRATION/u_logic/Vgjpw6_i_16_n_0
    SLICE_X52Y10         LUT6 (Prop_lut6_I4_O)        0.097    20.433 f  u_CORTEXM0INTEGRATION/u_logic/Vgjpw6_i_5/O
                         net (fo=1, routed)           0.581    21.013    u_CORTEXM0INTEGRATION/u_logic/Vgjpw6_i_5_n_0
    SLICE_X52Y11         LUT6 (Prop_lut6_I3_O)        0.097    21.110 r  u_CORTEXM0INTEGRATION/u_logic/Vgjpw6_i_1/O
                         net (fo=1, routed)           0.000    21.110    u_CORTEXM0INTEGRATION/u_logic/Oxohu6
    SLICE_X52Y11         FDRE                                         r  u_CORTEXM0INTEGRATION/u_logic/Vgjpw6_reg/D
  -------------------------------------------------------------------    -------------------

Slack:                    inf
  Source:                 u_CORTEXM0INTEGRATION/u_logic/M6kax6_reg/C
                            (rising edge-triggered cell FDRE)
  Destination:            u_CORTEXM0INTEGRATION/u_logic/Ydopw6_reg/D
  Path Group:             (none)
  Path Type:              Max at Slow Process Corner
  Data Path Delay:        20.708ns  (logic 6.865ns (33.151%)  route 13.843ns (66.849%))
  Logic Levels:           20  (CARRY4=3 DSP48E1=2 FDRE=1 LUT2=2 LUT4=1 LUT5=4 LUT6=7)

    Location             Delay type                Incr(ns)  Path(ns)    Netlist Resource(s)
  -------------------------------------------------------------------    -------------------
    SLICE_X61Y12         FDRE                         0.000     0.000 r  u_CORTEXM0INTEGRATION/u_logic/M6kax6_reg/C
    SLICE_X61Y12         FDRE (Prop_fdre_C_Q)         0.341     0.341 f  u_CORTEXM0INTEGRATION/u_logic/M6kax6_reg/Q
                         net (fo=172, routed)         3.549     3.890    u_CORTEXM0INTEGRATION/u_logic/M6kax6
    SLICE_X62Y31         LUT4 (Prop_lut4_I1_O)        0.101     3.991 f  u_CORTEXM0INTEGRATION/u_logic/Affpw60_i_104/O
                         net (fo=23, routed)          1.686     5.677    u_CORTEXM0INTEGRATION/u_logic/Affpw60_i_104_n_0
    SLICE_X64Y20         LUT5 (Prop_lut5_I1_O)        0.239     5.916 r  u_CORTEXM0INTEGRATION/u_logic/Affpw60__0_i_64/O
                         net (fo=1, routed)           0.544     6.460    u_CORTEXM0INTEGRATION/u_logic/Affpw60__0_i_64_n_0
    SLICE_X64Y21         LUT6 (Prop_lut6_I5_O)        0.097     6.557 r  u_CORTEXM0INTEGRATION/u_logic/Affpw60__0_i_32/O
                         net (fo=6, routed)           1.194     7.751    u_CORTEXM0INTEGRATION/u_logic/Affpw60__0_i_32_n_0
    SLICE_X53Y28         LUT2 (Prop_lut2_I1_O)        0.111     7.862 r  u_CORTEXM0INTEGRATION/u_logic/Affpw60__0_i_13/O
                         net (fo=2, routed)           0.402     8.264    u_CORTEXM0INTEGRATION/u_logic/Mifpw6[6]
    DSP48_X1Y11          DSP48E1 (Prop_dsp48e1_A[6]_PCOUT[47])
                                                      3.112    11.376 r  u_CORTEXM0INTEGRATION/u_logic/Affpw60__0/PCOUT[47]
                         net (fo=1, routed)           0.002    11.378    u_CORTEXM0INTEGRATION/u_logic/Affpw60__0_n_106
    DSP48_X1Y12          DSP48E1 (Prop_dsp48e1_PCIN[47]_P[1])
                                                      1.107    12.485 r  u_CORTEXM0INTEGRATION/u_logic/Affpw60__1/P[1]
                         net (fo=2, routed)           1.102    13.587    u_CORTEXM0INTEGRATION/u_logic/Affpw60__1_n_104
    SLICE_X54Y26         LUT2 (Prop_lut2_I0_O)        0.097    13.684 r  u_CORTEXM0INTEGRATION/u_logic/C9wpw6_i_8/O
                         net (fo=1, routed)           0.000    13.684    u_CORTEXM0INTEGRATION/u_logic/C9wpw6_i_8_n_0
    SLICE_X54Y26         CARRY4 (Prop_carry4_S[2]_CO[3])
                                                      0.286    13.970 r  u_CORTEXM0INTEGRATION/u_logic/C9wpw6_reg_i_6/CO[3]
                         net (fo=1, routed)           0.000    13.970    u_CORTEXM0INTEGRATION/u_logic/C9wpw6_reg_i_6_n_0
    SLICE_X54Y27         CARRY4 (Prop_carry4_CI_CO[3])
                                                      0.092    14.062 r  u_CORTEXM0INTEGRATION/u_logic/Ozopw6_reg_i_16/CO[3]
                         net (fo=1, routed)           0.000    14.062    u_CORTEXM0INTEGRATION/u_logic/Ozopw6_reg_i_16_n_0
    SLICE_X54Y28         CARRY4 (Prop_carry4_CI_O[0])
                                                      0.157    14.219 r  u_CORTEXM0INTEGRATION/u_logic/Z5tpw6_reg_i_8/O[0]
                         net (fo=1, routed)           1.023    15.242    u_CORTEXM0INTEGRATION/u_logic/p_1_in62_in
    SLICE_X56Y19         LUT5 (Prop_lut5_I0_O)        0.212    15.454 r  u_CORTEXM0INTEGRATION/u_logic/Yrspw6_i_8/O
                         net (fo=1, routed)           0.646    16.100    u_CORTEXM0INTEGRATION/u_logic/Yrspw6_i_8_n_0
    SLICE_X55Y25         LUT6 (Prop_lut6_I0_O)        0.234    16.334 r  u_CORTEXM0INTEGRATION/u_logic/Yrspw6_i_4/O
                         net (fo=1, routed)           0.632    16.966    u_CORTEXM0INTEGRATION/u_logic/Yrspw6_i_4_n_0
    SLICE_X51Y27         LUT5 (Prop_lut5_I4_O)        0.097    17.063 r  u_CORTEXM0INTEGRATION/u_logic/Yrspw6_i_2/O
                         net (fo=2, routed)           0.379    17.442    u_CORTEXM0INTEGRATION/u_logic/Yrspw6_i_2_n_0
    SLICE_X50Y27         LUT6 (Prop_lut6_I4_O)        0.097    17.539 r  u_CORTEXM0INTEGRATION/u_logic/Vgjpw6_i_44/O
                         net (fo=1, routed)           0.901    18.440    u_CORTEXM0INTEGRATION/u_logic/Vgjpw6_i_44_n_0
    SLICE_X50Y22         LUT5 (Prop_lut5_I0_O)        0.097    18.537 r  u_CORTEXM0INTEGRATION/u_logic/Vgjpw6_i_36/O
                         net (fo=2, routed)           0.564    19.100    u_CORTEXM0INTEGRATION/u_logic/Vgjpw6_i_36_n_0
    SLICE_X51Y19         LUT6 (Prop_lut6_I5_O)        0.097    19.197 r  u_CORTEXM0INTEGRATION/u_logic/Ydopw6_i_14/O
                         net (fo=2, routed)           0.277    19.475    u_CORTEXM0INTEGRATION/u_logic/Ydopw6_i_14_n_0
    SLICE_X51Y18         LUT6 (Prop_lut6_I3_O)        0.097    19.572 r  u_CORTEXM0INTEGRATION/u_logic/Ydopw6_i_8/O
                         net (fo=2, routed)           0.646    20.217    u_CORTEXM0INTEGRATION/u_logic/Ydopw6_i_8_n_0
    SLICE_X53Y10         LUT6 (Prop_lut6_I2_O)        0.097    20.314 f  u_CORTEXM0INTEGRATION/u_logic/Ydopw6_i_3/O
                         net (fo=1, routed)           0.297    20.611    u_CORTEXM0INTEGRATION/u_logic/Ydopw6_i_3_n_0
    SLICE_X53Y10         LUT6 (Prop_lut6_I1_O)        0.097    20.708 r  u_CORTEXM0INTEGRATION/u_logic/Ydopw6_i_1/O
                         net (fo=1, routed)           0.000    20.708    u_CORTEXM0INTEGRATION/u_logic/Buohu6
    SLICE_X53Y10         FDCE                                         r  u_CORTEXM0INTEGRATION/u_logic/Ydopw6_reg/D
  -------------------------------------------------------------------    -------------------

Slack:                    inf
  Source:                 u_CORTEXM0INTEGRATION/u_logic/M6kax6_reg/C
                            (rising edge-triggered cell FDRE)
  Destination:            u_CORTEXM0INTEGRATION/u_logic/Bfjpw6_reg/D
  Path Group:             (none)
  Path Type:              Max at Slow Process Corner
  Data Path Delay:        20.575ns  (logic 6.865ns (33.366%)  route 13.710ns (66.634%))
  Logic Levels:           20  (CARRY4=3 DSP48E1=2 FDRE=1 LUT2=2 LUT4=3 LUT5=5 LUT6=4)

    Location             Delay type                Incr(ns)  Path(ns)    Netlist Resource(s)
  -------------------------------------------------------------------    -------------------
    SLICE_X61Y12         FDRE                         0.000     0.000 r  u_CORTEXM0INTEGRATION/u_logic/M6kax6_reg/C
    SLICE_X61Y12         FDRE (Prop_fdre_C_Q)         0.341     0.341 f  u_CORTEXM0INTEGRATION/u_logic/M6kax6_reg/Q
                         net (fo=172, routed)         3.549     3.890    u_CORTEXM0INTEGRATION/u_logic/M6kax6
    SLICE_X62Y31         LUT4 (Prop_lut4_I1_O)        0.101     3.991 f  u_CORTEXM0INTEGRATION/u_logic/Affpw60_i_104/O
                         net (fo=23, routed)          1.686     5.677    u_CORTEXM0INTEGRATION/u_logic/Affpw60_i_104_n_0
    SLICE_X64Y20         LUT5 (Prop_lut5_I1_O)        0.239     5.916 r  u_CORTEXM0INTEGRATION/u_logic/Affpw60__0_i_64/O
                         net (fo=1, routed)           0.544     6.460    u_CORTEXM0INTEGRATION/u_logic/Affpw60__0_i_64_n_0
    SLICE_X64Y21         LUT6 (Prop_lut6_I5_O)        0.097     6.557 r  u_CORTEXM0INTEGRATION/u_logic/Affpw60__0_i_32/O
                         net (fo=6, routed)           1.194     7.751    u_CORTEXM0INTEGRATION/u_logic/Affpw60__0_i_32_n_0
    SLICE_X53Y28         LUT2 (Prop_lut2_I1_O)        0.111     7.862 r  u_CORTEXM0INTEGRATION/u_logic/Affpw60__0_i_13/O
                         net (fo=2, routed)           0.402     8.264    u_CORTEXM0INTEGRATION/u_logic/Mifpw6[6]
    DSP48_X1Y11          DSP48E1 (Prop_dsp48e1_A[6]_PCOUT[47])
                                                      3.112    11.376 r  u_CORTEXM0INTEGRATION/u_logic/Affpw60__0/PCOUT[47]
                         net (fo=1, routed)           0.002    11.378    u_CORTEXM0INTEGRATION/u_logic/Affpw60__0_n_106
    DSP48_X1Y12          DSP48E1 (Prop_dsp48e1_PCIN[47]_P[1])
                                                      1.107    12.485 r  u_CORTEXM0INTEGRATION/u_logic/Affpw60__1/P[1]
                         net (fo=2, routed)           1.102    13.587    u_CORTEXM0INTEGRATION/u_logic/Affpw60__1_n_104
    SLICE_X54Y26         LUT2 (Prop_lut2_I0_O)        0.097    13.684 r  u_CORTEXM0INTEGRATION/u_logic/C9wpw6_i_8/O
                         net (fo=1, routed)           0.000    13.684    u_CORTEXM0INTEGRATION/u_logic/C9wpw6_i_8_n_0
    SLICE_X54Y26         CARRY4 (Prop_carry4_S[2]_CO[3])
                                                      0.286    13.970 r  u_CORTEXM0INTEGRATION/u_logic/C9wpw6_reg_i_6/CO[3]
                         net (fo=1, routed)           0.000    13.970    u_CORTEXM0INTEGRATION/u_logic/C9wpw6_reg_i_6_n_0
    SLICE_X54Y27         CARRY4 (Prop_carry4_CI_CO[3])
                                                      0.092    14.062 r  u_CORTEXM0INTEGRATION/u_logic/Ozopw6_reg_i_16/CO[3]
                         net (fo=1, routed)           0.000    14.062    u_CORTEXM0INTEGRATION/u_logic/Ozopw6_reg_i_16_n_0
    SLICE_X54Y28         CARRY4 (Prop_carry4_CI_O[0])
                                                      0.157    14.219 f  u_CORTEXM0INTEGRATION/u_logic/Z5tpw6_reg_i_8/O[0]
                         net (fo=1, routed)           1.023    15.242    u_CORTEXM0INTEGRATION/u_logic/p_1_in62_in
    SLICE_X56Y19         LUT5 (Prop_lut5_I0_O)        0.212    15.454 f  u_CORTEXM0INTEGRATION/u_logic/Yrspw6_i_8/O
                         net (fo=1, routed)           0.646    16.100    u_CORTEXM0INTEGRATION/u_logic/Yrspw6_i_8_n_0
    SLICE_X55Y25         LUT6 (Prop_lut6_I0_O)        0.234    16.334 f  u_CORTEXM0INTEGRATION/u_logic/Yrspw6_i_4/O
                         net (fo=1, routed)           0.632    16.966    u_CORTEXM0INTEGRATION/u_logic/Yrspw6_i_4_n_0
    SLICE_X51Y27         LUT5 (Prop_lut5_I4_O)        0.097    17.063 f  u_CORTEXM0INTEGRATION/u_logic/Yrspw6_i_2/O
                         net (fo=2, routed)           0.379    17.442    u_CORTEXM0INTEGRATION/u_logic/Yrspw6_i_2_n_0
    SLICE_X50Y27         LUT6 (Prop_lut6_I4_O)        0.097    17.539 f  u_CORTEXM0INTEGRATION/u_logic/Vgjpw6_i_44/O
                         net (fo=1, routed)           0.901    18.440    u_CORTEXM0INTEGRATION/u_logic/Vgjpw6_i_44_n_0
    SLICE_X50Y22         LUT5 (Prop_lut5_I0_O)        0.097    18.537 f  u_CORTEXM0INTEGRATION/u_logic/Vgjpw6_i_36/O
                         net (fo=2, routed)           0.564    19.100    u_CORTEXM0INTEGRATION/u_logic/Vgjpw6_i_36_n_0
    SLICE_X51Y19         LUT6 (Prop_lut6_I5_O)        0.097    19.197 f  u_CORTEXM0INTEGRATION/u_logic/Ydopw6_i_14/O
                         net (fo=2, routed)           0.276    19.474    u_CORTEXM0INTEGRATION/u_logic/Ydopw6_i_14_n_0
    SLICE_X51Y18         LUT4 (Prop_lut4_I2_O)        0.097    19.571 f  u_CORTEXM0INTEGRATION/u_logic/Bfjpw6_i_4/O
                         net (fo=1, routed)           0.709    20.280    u_CORTEXM0INTEGRATION/u_logic/Bfjpw6_i_4_n_0
    SLICE_X48Y20         LUT4 (Prop_lut4_I2_O)        0.097    20.377 r  u_CORTEXM0INTEGRATION/u_logic/Bfjpw6_i_2/O
                         net (fo=1, routed)           0.101    20.478    u_CORTEXM0INTEGRATION/u_logic_n_108
    SLICE_X48Y20         LUT5 (Prop_lut5_I2_O)        0.097    20.575 r  u_CORTEXM0INTEGRATION/Bfjpw6_i_1/O
                         net (fo=1, routed)           0.000    20.575    u_CORTEXM0INTEGRATION/u_logic/Bfjpw6_reg_1
    SLICE_X48Y20         FDPE                                         r  u_CORTEXM0INTEGRATION/u_logic/Bfjpw6_reg/D
  -------------------------------------------------------------------    -------------------

Slack:                    inf
  Source:                 u_CORTEXM0INTEGRATION/u_logic/M6kax6_reg/C
                            (rising edge-triggered cell FDRE)
  Destination:            u_CORTEXM0INTEGRATION/u_logic/Ynspw6_reg/D
  Path Group:             (none)
  Path Type:              Max at Slow Process Corner
  Data Path Delay:        19.533ns  (logic 6.384ns (32.683%)  route 13.149ns (67.317%))
  Logic Levels:           15  (CARRY4=3 DSP48E1=2 FDRE=1 LUT2=3 LUT4=1 LUT5=3 LUT6=2)

    Location             Delay type                Incr(ns)  Path(ns)    Netlist Resource(s)
  -------------------------------------------------------------------    -------------------
    SLICE_X61Y12         FDRE                         0.000     0.000 r  u_CORTEXM0INTEGRATION/u_logic/M6kax6_reg/C
    SLICE_X61Y12         FDRE (Prop_fdre_C_Q)         0.341     0.341 f  u_CORTEXM0INTEGRATION/u_logic/M6kax6_reg/Q
                         net (fo=172, routed)         3.549     3.890    u_CORTEXM0INTEGRATION/u_logic/M6kax6
    SLICE_X62Y31         LUT4 (Prop_lut4_I1_O)        0.101     3.991 f  u_CORTEXM0INTEGRATION/u_logic/Affpw60_i_104/O
                         net (fo=23, routed)          1.686     5.677    u_CORTEXM0INTEGRATION/u_logic/Affpw60_i_104_n_0
    SLICE_X64Y20         LUT5 (Prop_lut5_I1_O)        0.239     5.916 r  u_CORTEXM0INTEGRATION/u_logic/Affpw60__0_i_64/O
                         net (fo=1, routed)           0.544     6.460    u_CORTEXM0INTEGRATION/u_logic/Affpw60__0_i_64_n_0
    SLICE_X64Y21         LUT6 (Prop_lut6_I5_O)        0.097     6.557 r  u_CORTEXM0INTEGRATION/u_logic/Affpw60__0_i_32/O
                         net (fo=6, routed)           1.194     7.751    u_CORTEXM0INTEGRATION/u_logic/Affpw60__0_i_32_n_0
    SLICE_X53Y28         LUT2 (Prop_lut2_I1_O)        0.111     7.862 r  u_CORTEXM0INTEGRATION/u_logic/Affpw60__0_i_13/O
                         net (fo=2, routed)           0.402     8.264    u_CORTEXM0INTEGRATION/u_logic/Mifpw6[6]
    DSP48_X1Y11          DSP48E1 (Prop_dsp48e1_A[6]_PCOUT[47])
                                                      3.112    11.376 r  u_CORTEXM0INTEGRATION/u_logic/Affpw60__0/PCOUT[47]
                         net (fo=1, routed)           0.002    11.378    u_CORTEXM0INTEGRATION/u_logic/Affpw60__0_n_106
    DSP48_X1Y12          DSP48E1 (Prop_dsp48e1_PCIN[47]_P[1])
                                                      1.107    12.485 r  u_CORTEXM0INTEGRATION/u_logic/Affpw60__1/P[1]
                         net (fo=2, routed)           1.102    13.587    u_CORTEXM0INTEGRATION/u_logic/Affpw60__1_n_104
    SLICE_X54Y26         LUT2 (Prop_lut2_I0_O)        0.097    13.684 r  u_CORTEXM0INTEGRATION/u_logic/C9wpw6_i_8/O
                         net (fo=1, routed)           0.000    13.684    u_CORTEXM0INTEGRATION/u_logic/C9wpw6_i_8_n_0
    SLICE_X54Y26         CARRY4 (Prop_carry4_S[2]_CO[3])
                                                      0.286    13.970 r  u_CORTEXM0INTEGRATION/u_logic/C9wpw6_reg_i_6/CO[3]
                         net (fo=1, routed)           0.000    13.970    u_CORTEXM0INTEGRATION/u_logic/C9wpw6_reg_i_6_n_0
    SLICE_X54Y27         CARRY4 (Prop_carry4_CI_CO[3])
                                                      0.092    14.062 r  u_CORTEXM0INTEGRATION/u_logic/Ozopw6_reg_i_16/CO[3]
                         net (fo=1, routed)           0.000    14.062    u_CORTEXM0INTEGRATION/u_logic/Ozopw6_reg_i_16_n_0
    SLICE_X54Y28         CARRY4 (Prop_carry4_CI_O[0])
                                                      0.157    14.219 r  u_CORTEXM0INTEGRATION/u_logic/Z5tpw6_reg_i_8/O[0]
                         net (fo=1, routed)           1.023    15.242    u_CORTEXM0INTEGRATION/u_logic/p_1_in62_in
    SLICE_X56Y19         LUT5 (Prop_lut5_I0_O)        0.212    15.454 r  u_CORTEXM0INTEGRATION/u_logic/Yrspw6_i_8/O
                         net (fo=1, routed)           0.646    16.100    u_CORTEXM0INTEGRATION/u_logic/Yrspw6_i_8_n_0
    SLICE_X55Y25         LUT6 (Prop_lut6_I0_O)        0.234    16.334 r  u_CORTEXM0INTEGRATION/u_logic/Yrspw6_i_4/O
                         net (fo=1, routed)           0.632    16.966    u_CORTEXM0INTEGRATION/u_logic/Yrspw6_i_4_n_0
    SLICE_X51Y27         LUT5 (Prop_lut5_I4_O)        0.097    17.063 r  u_CORTEXM0INTEGRATION/u_logic/Yrspw6_i_2/O
                         net (fo=2, routed)           0.884    17.947    u_CORTEXM0INTEGRATION/u_logic/Yrspw6_i_2_n_0
    SLICE_X47Y26         LUT2 (Prop_lut2_I0_O)        0.101    18.048 r  u_CORTEXM0INTEGRATION/u_logic/Yrspw6_i_1/O
                         net (fo=16, routed)          1.485    19.533    u_CORTEXM0INTEGRATION/u_logic/Zvkiu6
    SLICE_X59Y33         FDRE                                         r  u_CORTEXM0INTEGRATION/u_logic/Ynspw6_reg/D
  -------------------------------------------------------------------    -------------------

Slack:                    inf
  Source:                 u_CORTEXM0INTEGRATION/u_logic/M6kax6_reg/C
                            (rising edge-triggered cell FDRE)
  Destination:            u_CORTEXM0INTEGRATION/u_logic/Veqax6_reg/D
  Path Group:             (none)
  Path Type:              Max at Slow Process Corner
  Data Path Delay:        19.361ns  (logic 6.384ns (32.973%)  route 12.977ns (67.027%))
  Logic Levels:           15  (CARRY4=3 DSP48E1=2 FDRE=1 LUT2=3 LUT4=1 LUT5=3 LUT6=2)

    Location             Delay type                Incr(ns)  Path(ns)    Netlist Resource(s)
  -------------------------------------------------------------------    -------------------
    SLICE_X61Y12         FDRE                         0.000     0.000 r  u_CORTEXM0INTEGRATION/u_logic/M6kax6_reg/C
    SLICE_X61Y12         FDRE (Prop_fdre_C_Q)         0.341     0.341 f  u_CORTEXM0INTEGRATION/u_logic/M6kax6_reg/Q
                         net (fo=172, routed)         3.549     3.890    u_CORTEXM0INTEGRATION/u_logic/M6kax6
    SLICE_X62Y31         LUT4 (Prop_lut4_I1_O)        0.101     3.991 f  u_CORTEXM0INTEGRATION/u_logic/Affpw60_i_104/O
                         net (fo=23, routed)          1.686     5.677    u_CORTEXM0INTEGRATION/u_logic/Affpw60_i_104_n_0
    SLICE_X64Y20         LUT5 (Prop_lut5_I1_O)        0.239     5.916 r  u_CORTEXM0INTEGRATION/u_logic/Affpw60__0_i_64/O
                         net (fo=1, routed)           0.544     6.460    u_CORTEXM0INTEGRATION/u_logic/Affpw60__0_i_64_n_0
    SLICE_X64Y21         LUT6 (Prop_lut6_I5_O)        0.097     6.557 r  u_CORTEXM0INTEGRATION/u_logic/Affpw60__0_i_32/O
                         net (fo=6, routed)           1.194     7.751    u_CORTEXM0INTEGRATION/u_logic/Affpw60__0_i_32_n_0
    SLICE_X53Y28         LUT2 (Prop_lut2_I1_O)        0.111     7.862 r  u_CORTEXM0INTEGRATION/u_logic/Affpw60__0_i_13/O
                         net (fo=2, routed)           0.402     8.264    u_CORTEXM0INTEGRATION/u_logic/Mifpw6[6]
    DSP48_X1Y11          DSP48E1 (Prop_dsp48e1_A[6]_PCOUT[47])
                                                      3.112    11.376 r  u_CORTEXM0INTEGRATION/u_logic/Affpw60__0/PCOUT[47]
                         net (fo=1, routed)           0.002    11.378    u_CORTEXM0INTEGRATION/u_logic/Affpw60__0_n_106
    DSP48_X1Y12          DSP48E1 (Prop_dsp48e1_PCIN[47]_P[1])
                                                      1.107    12.485 r  u_CORTEXM0INTEGRATION/u_logic/Affpw60__1/P[1]
                         net (fo=2, routed)           1.102    13.587    u_CORTEXM0INTEGRATION/u_logic/Affpw60__1_n_104
    SLICE_X54Y26         LUT2 (Prop_lut2_I0_O)        0.097    13.684 r  u_CORTEXM0INTEGRATION/u_logic/C9wpw6_i_8/O
                         net (fo=1, routed)           0.000    13.684    u_CORTEXM0INTEGRATION/u_logic/C9wpw6_i_8_n_0
    SLICE_X54Y26         CARRY4 (Prop_carry4_S[2]_CO[3])
                                                      0.286    13.970 r  u_CORTEXM0INTEGRATION/u_logic/C9wpw6_reg_i_6/CO[3]
                         net (fo=1, routed)           0.000    13.970    u_CORTEXM0INTEGRATION/u_logic/C9wpw6_reg_i_6_n_0
    SLICE_X54Y27         CARRY4 (Prop_carry4_CI_CO[3])
                                                      0.092    14.062 r  u_CORTEXM0INTEGRATION/u_logic/Ozopw6_reg_i_16/CO[3]
                         net (fo=1, routed)           0.000    14.062    u_CORTEXM0INTEGRATION/u_logic/Ozopw6_reg_i_16_n_0
    SLICE_X54Y28         CARRY4 (Prop_carry4_CI_O[0])
                                                      0.157    14.219 r  u_CORTEXM0INTEGRATION/u_logic/Z5tpw6_reg_i_8/O[0]
                         net (fo=1, routed)           1.023    15.242    u_CORTEXM0INTEGRATION/u_logic/p_1_in62_in
    SLICE_X56Y19         LUT5 (Prop_lut5_I0_O)        0.212    15.454 r  u_CORTEXM0INTEGRATION/u_logic/Yrspw6_i_8/O
                         net (fo=1, routed)           0.646    16.100    u_CORTEXM0INTEGRATION/u_logic/Yrspw6_i_8_n_0
    SLICE_X55Y25         LUT6 (Prop_lut6_I0_O)        0.234    16.334 r  u_CORTEXM0INTEGRATION/u_logic/Yrspw6_i_4/O
                         net (fo=1, routed)           0.632    16.966    u_CORTEXM0INTEGRATION/u_logic/Yrspw6_i_4_n_0
    SLICE_X51Y27         LUT5 (Prop_lut5_I4_O)        0.097    17.063 r  u_CORTEXM0INTEGRATION/u_logic/Yrspw6_i_2/O
                         net (fo=2, routed)           0.884    17.947    u_CORTEXM0INTEGRATION/u_logic/Yrspw6_i_2_n_0
    SLICE_X47Y26         LUT2 (Prop_lut2_I0_O)        0.101    18.048 r  u_CORTEXM0INTEGRATION/u_logic/Yrspw6_i_1/O
                         net (fo=16, routed)          1.313    19.361    u_CORTEXM0INTEGRATION/u_logic/Zvkiu6
    SLICE_X58Y32         FDRE                                         r  u_CORTEXM0INTEGRATION/u_logic/Veqax6_reg/D
  -------------------------------------------------------------------    -------------------

Slack:                    inf
  Source:                 u_CORTEXM0INTEGRATION/u_logic/M6kax6_reg/C
                            (rising edge-triggered cell FDRE)
  Destination:            u_CORTEXM0INTEGRATION/u_logic/Yvspw6_reg/D
  Path Group:             (none)
  Path Type:              Max at Slow Process Corner
  Data Path Delay:        19.340ns  (logic 6.384ns (33.009%)  route 12.956ns (66.991%))
  Logic Levels:           15  (CARRY4=3 DSP48E1=2 FDRE=1 LUT2=3 LUT4=1 LUT5=3 LUT6=2)

    Location             Delay type                Incr(ns)  Path(ns)    Netlist Resource(s)
  -------------------------------------------------------------------    -------------------
    SLICE_X61Y12         FDRE                         0.000     0.000 r  u_CORTEXM0INTEGRATION/u_logic/M6kax6_reg/C
    SLICE_X61Y12         FDRE (Prop_fdre_C_Q)         0.341     0.341 f  u_CORTEXM0INTEGRATION/u_logic/M6kax6_reg/Q
                         net (fo=172, routed)         3.549     3.890    u_CORTEXM0INTEGRATION/u_logic/M6kax6
    SLICE_X62Y31         LUT4 (Prop_lut4_I1_O)        0.101     3.991 f  u_CORTEXM0INTEGRATION/u_logic/Affpw60_i_104/O
                         net (fo=23, routed)          1.686     5.677    u_CORTEXM0INTEGRATION/u_logic/Affpw60_i_104_n_0
    SLICE_X64Y20         LUT5 (Prop_lut5_I1_O)        0.239     5.916 r  u_CORTEXM0INTEGRATION/u_logic/Affpw60__0_i_64/O
                         net (fo=1, routed)           0.544     6.460    u_CORTEXM0INTEGRATION/u_logic/Affpw60__0_i_64_n_0
    SLICE_X64Y21         LUT6 (Prop_lut6_I5_O)        0.097     6.557 r  u_CORTEXM0INTEGRATION/u_logic/Affpw60__0_i_32/O
                         net (fo=6, routed)           1.194     7.751    u_CORTEXM0INTEGRATION/u_logic/Affpw60__0_i_32_n_0
    SLICE_X53Y28         LUT2 (Prop_lut2_I1_O)        0.111     7.862 r  u_CORTEXM0INTEGRATION/u_logic/Affpw60__0_i_13/O
                         net (fo=2, routed)           0.402     8.264    u_CORTEXM0INTEGRATION/u_logic/Mifpw6[6]
    DSP48_X1Y11          DSP48E1 (Prop_dsp48e1_A[6]_PCOUT[47])
                                                      3.112    11.376 r  u_CORTEXM0INTEGRATION/u_logic/Affpw60__0/PCOUT[47]
                         net (fo=1, routed)           0.002    11.378    u_CORTEXM0INTEGRATION/u_logic/Affpw60__0_n_106
    DSP48_X1Y12          DSP48E1 (Prop_dsp48e1_PCIN[47]_P[1])
                                                      1.107    12.485 r  u_CORTEXM0INTEGRATION/u_logic/Affpw60__1/P[1]
                         net (fo=2, routed)           1.102    13.587    u_CORTEXM0INTEGRATION/u_logic/Affpw60__1_n_104
    SLICE_X54Y26         LUT2 (Prop_lut2_I0_O)        0.097    13.684 r  u_CORTEXM0INTEGRATION/u_logic/C9wpw6_i_8/O
                         net (fo=1, routed)           0.000    13.684    u_CORTEXM0INTEGRATION/u_logic/C9wpw6_i_8_n_0
    SLICE_X54Y26         CARRY4 (Prop_carry4_S[2]_CO[3])
                                                      0.286    13.970 r  u_CORTEXM0INTEGRATION/u_logic/C9wpw6_reg_i_6/CO[3]
                         net (fo=1, routed)           0.000    13.970    u_CORTEXM0INTEGRATION/u_logic/C9wpw6_reg_i_6_n_0
    SLICE_X54Y27         CARRY4 (Prop_carry4_CI_CO[3])
                                                      0.092    14.062 r  u_CORTEXM0INTEGRATION/u_logic/Ozopw6_reg_i_16/CO[3]
                         net (fo=1, routed)           0.000    14.062    u_CORTEXM0INTEGRATION/u_logic/Ozopw6_reg_i_16_n_0
    SLICE_X54Y28         CARRY4 (Prop_carry4_CI_O[0])
                                                      0.157    14.219 r  u_CORTEXM0INTEGRATION/u_logic/Z5tpw6_reg_i_8/O[0]
                         net (fo=1, routed)           1.023    15.242    u_CORTEXM0INTEGRATION/u_logic/p_1_in62_in
    SLICE_X56Y19         LUT5 (Prop_lut5_I0_O)        0.212    15.454 r  u_CORTEXM0INTEGRATION/u_logic/Yrspw6_i_8/O
                         net (fo=1, routed)           0.646    16.100    u_CORTEXM0INTEGRATION/u_logic/Yrspw6_i_8_n_0
    SLICE_X55Y25         LUT6 (Prop_lut6_I0_O)        0.234    16.334 r  u_CORTEXM0INTEGRATION/u_logic/Yrspw6_i_4/O
                         net (fo=1, routed)           0.632    16.966    u_CORTEXM0INTEGRATION/u_logic/Yrspw6_i_4_n_0
    SLICE_X51Y27         LUT5 (Prop_lut5_I4_O)        0.097    17.063 r  u_CORTEXM0INTEGRATION/u_logic/Yrspw6_i_2/O
                         net (fo=2, routed)           0.884    17.947    u_CORTEXM0INTEGRATION/u_logic/Yrspw6_i_2_n_0
    SLICE_X47Y26         LUT2 (Prop_lut2_I0_O)        0.101    18.048 r  u_CORTEXM0INTEGRATION/u_logic/Yrspw6_i_1/O
                         net (fo=16, routed)          1.292    19.340    u_CORTEXM0INTEGRATION/u_logic/Zvkiu6
    SLICE_X60Y30         FDRE                                         r  u_CORTEXM0INTEGRATION/u_logic/Yvspw6_reg/D
  -------------------------------------------------------------------    -------------------

Slack:                    inf
  Source:                 u_CORTEXM0INTEGRATION/u_logic/M6kax6_reg/C
                            (rising edge-triggered cell FDRE)
  Destination:            u_CORTEXM0INTEGRATION/u_logic/Wjuax6_reg/D
  Path Group:             (none)
  Path Type:              Max at Slow Process Corner
  Data Path Delay:        19.242ns  (logic 6.384ns (33.178%)  route 12.858ns (66.822%))
  Logic Levels:           15  (CARRY4=3 DSP48E1=2 FDRE=1 LUT2=3 LUT4=1 LUT5=3 LUT6=2)

    Location             Delay type                Incr(ns)  Path(ns)    Netlist Resource(s)
  -------------------------------------------------------------------    -------------------
    SLICE_X61Y12         FDRE                         0.000     0.000 r  u_CORTEXM0INTEGRATION/u_logic/M6kax6_reg/C
    SLICE_X61Y12         FDRE (Prop_fdre_C_Q)         0.341     0.341 f  u_CORTEXM0INTEGRATION/u_logic/M6kax6_reg/Q
                         net (fo=172, routed)         3.549     3.890    u_CORTEXM0INTEGRATION/u_logic/M6kax6
    SLICE_X62Y31         LUT4 (Prop_lut4_I1_O)        0.101     3.991 f  u_CORTEXM0INTEGRATION/u_logic/Affpw60_i_104/O
                         net (fo=23, routed)          1.686     5.677    u_CORTEXM0INTEGRATION/u_logic/Affpw60_i_104_n_0
    SLICE_X64Y20         LUT5 (Prop_lut5_I1_O)        0.239     5.916 r  u_CORTEXM0INTEGRATION/u_logic/Affpw60__0_i_64/O
                         net (fo=1, routed)           0.544     6.460    u_CORTEXM0INTEGRATION/u_logic/Affpw60__0_i_64_n_0
    SLICE_X64Y21         LUT6 (Prop_lut6_I5_O)        0.097     6.557 r  u_CORTEXM0INTEGRATION/u_logic/Affpw60__0_i_32/O
                         net (fo=6, routed)           1.194     7.751    u_CORTEXM0INTEGRATION/u_logic/Affpw60__0_i_32_n_0
    SLICE_X53Y28         LUT2 (Prop_lut2_I1_O)        0.111     7.862 r  u_CORTEXM0INTEGRATION/u_logic/Affpw60__0_i_13/O
                         net (fo=2, routed)           0.402     8.264    u_CORTEXM0INTEGRATION/u_logic/Mifpw6[6]
    DSP48_X1Y11          DSP48E1 (Prop_dsp48e1_A[6]_PCOUT[47])
                                                      3.112    11.376 r  u_CORTEXM0INTEGRATION/u_logic/Affpw60__0/PCOUT[47]
                         net (fo=1, routed)           0.002    11.378    u_CORTEXM0INTEGRATION/u_logic/Affpw60__0_n_106
    DSP48_X1Y12          DSP48E1 (Prop_dsp48e1_PCIN[47]_P[1])
                                                      1.107    12.485 r  u_CORTEXM0INTEGRATION/u_logic/Affpw60__1/P[1]
                         net (fo=2, routed)           1.102    13.587    u_CORTEXM0INTEGRATION/u_logic/Affpw60__1_n_104
    SLICE_X54Y26         LUT2 (Prop_lut2_I0_O)        0.097    13.684 r  u_CORTEXM0INTEGRATION/u_logic/C9wpw6_i_8/O
                         net (fo=1, routed)           0.000    13.684    u_CORTEXM0INTEGRATION/u_logic/C9wpw6_i_8_n_0
    SLICE_X54Y26         CARRY4 (Prop_carry4_S[2]_CO[3])
                                                      0.286    13.970 r  u_CORTEXM0INTEGRATION/u_logic/C9wpw6_reg_i_6/CO[3]
                         net (fo=1, routed)           0.000    13.970    u_CORTEXM0INTEGRATION/u_logic/C9wpw6_reg_i_6_n_0
    SLICE_X54Y27         CARRY4 (Prop_carry4_CI_CO[3])
                                                      0.092    14.062 r  u_CORTEXM0INTEGRATION/u_logic/Ozopw6_reg_i_16/CO[3]
                         net (fo=1, routed)           0.000    14.062    u_CORTEXM0INTEGRATION/u_logic/Ozopw6_reg_i_16_n_0
    SLICE_X54Y28         CARRY4 (Prop_carry4_CI_O[0])
                                                      0.157    14.219 r  u_CORTEXM0INTEGRATION/u_logic/Z5tpw6_reg_i_8/O[0]
                         net (fo=1, routed)           1.023    15.242    u_CORTEXM0INTEGRATION/u_logic/p_1_in62_in
    SLICE_X56Y19         LUT5 (Prop_lut5_I0_O)        0.212    15.454 r  u_CORTEXM0INTEGRATION/u_logic/Yrspw6_i_8/O
                         net (fo=1, routed)           0.646    16.100    u_CORTEXM0INTEGRATION/u_logic/Yrspw6_i_8_n_0
    SLICE_X55Y25         LUT6 (Prop_lut6_I0_O)        0.234    16.334 r  u_CORTEXM0INTEGRATION/u_logic/Yrspw6_i_4/O
                         net (fo=1, routed)           0.632    16.966    u_CORTEXM0INTEGRATION/u_logic/Yrspw6_i_4_n_0
    SLICE_X51Y27         LUT5 (Prop_lut5_I4_O)        0.097    17.063 r  u_CORTEXM0INTEGRATION/u_logic/Yrspw6_i_2/O
                         net (fo=2, routed)           0.884    17.947    u_CORTEXM0INTEGRATION/u_logic/Yrspw6_i_2_n_0
    SLICE_X47Y26         LUT2 (Prop_lut2_I0_O)        0.101    18.048 r  u_CORTEXM0INTEGRATION/u_logic/Yrspw6_i_1/O
                         net (fo=16, routed)          1.193    19.242    u_CORTEXM0INTEGRATION/u_logic/Zvkiu6
    SLICE_X59Y32         FDRE                                         r  u_CORTEXM0INTEGRATION/u_logic/Wjuax6_reg/D
  -------------------------------------------------------------------    -------------------

Slack:                    inf
  Source:                 u_CORTEXM0INTEGRATION/u_logic/M6kax6_reg/C
                            (rising edge-triggered cell FDRE)
  Destination:            u_CORTEXM0INTEGRATION/u_logic/Ni5bx6_reg/D
  Path Group:             (none)
  Path Type:              Max at Slow Process Corner
  Data Path Delay:        19.237ns  (logic 6.384ns (33.186%)  route 12.853ns (66.814%))
  Logic Levels:           15  (CARRY4=3 DSP48E1=2 FDRE=1 LUT2=3 LUT4=1 LUT5=3 LUT6=2)

    Location             Delay type                Incr(ns)  Path(ns)    Netlist Resource(s)
  -------------------------------------------------------------------    -------------------
    SLICE_X61Y12         FDRE                         0.000     0.000 r  u_CORTEXM0INTEGRATION/u_logic/M6kax6_reg/C
    SLICE_X61Y12         FDRE (Prop_fdre_C_Q)         0.341     0.341 f  u_CORTEXM0INTEGRATION/u_logic/M6kax6_reg/Q
                         net (fo=172, routed)         3.549     3.890    u_CORTEXM0INTEGRATION/u_logic/M6kax6
    SLICE_X62Y31         LUT4 (Prop_lut4_I1_O)        0.101     3.991 f  u_CORTEXM0INTEGRATION/u_logic/Affpw60_i_104/O
                         net (fo=23, routed)          1.686     5.677    u_CORTEXM0INTEGRATION/u_logic/Affpw60_i_104_n_0
    SLICE_X64Y20         LUT5 (Prop_lut5_I1_O)        0.239     5.916 r  u_CORTEXM0INTEGRATION/u_logic/Affpw60__0_i_64/O
                         net (fo=1, routed)           0.544     6.460    u_CORTEXM0INTEGRATION/u_logic/Affpw60__0_i_64_n_0
    SLICE_X64Y21         LUT6 (Prop_lut6_I5_O)        0.097     6.557 r  u_CORTEXM0INTEGRATION/u_logic/Affpw60__0_i_32/O
                         net (fo=6, routed)           1.194     7.751    u_CORTEXM0INTEGRATION/u_logic/Affpw60__0_i_32_n_0
    SLICE_X53Y28         LUT2 (Prop_lut2_I1_O)        0.111     7.862 r  u_CORTEXM0INTEGRATION/u_logic/Affpw60__0_i_13/O
                         net (fo=2, routed)           0.402     8.264    u_CORTEXM0INTEGRATION/u_logic/Mifpw6[6]
    DSP48_X1Y11          DSP48E1 (Prop_dsp48e1_A[6]_PCOUT[47])
                                                      3.112    11.376 r  u_CORTEXM0INTEGRATION/u_logic/Affpw60__0/PCOUT[47]
                         net (fo=1, routed)           0.002    11.378    u_CORTEXM0INTEGRATION/u_logic/Affpw60__0_n_106
    DSP48_X1Y12          DSP48E1 (Prop_dsp48e1_PCIN[47]_P[1])
                                                      1.107    12.485 r  u_CORTEXM0INTEGRATION/u_logic/Affpw60__1/P[1]
                         net (fo=2, routed)           1.102    13.587    u_CORTEXM0INTEGRATION/u_logic/Affpw60__1_n_104
    SLICE_X54Y26         LUT2 (Prop_lut2_I0_O)        0.097    13.684 r  u_CORTEXM0INTEGRATION/u_logic/C9wpw6_i_8/O
                         net (fo=1, routed)           0.000    13.684    u_CORTEXM0INTEGRATION/u_logic/C9wpw6_i_8_n_0
    SLICE_X54Y26         CARRY4 (Prop_carry4_S[2]_CO[3])
                                                      0.286    13.970 r  u_CORTEXM0INTEGRATION/u_logic/C9wpw6_reg_i_6/CO[3]
                         net (fo=1, routed)           0.000    13.970    u_CORTEXM0INTEGRATION/u_logic/C9wpw6_reg_i_6_n_0
    SLICE_X54Y27         CARRY4 (Prop_carry4_CI_CO[3])
                                                      0.092    14.062 r  u_CORTEXM0INTEGRATION/u_logic/Ozopw6_reg_i_16/CO[3]
                         net (fo=1, routed)           0.000    14.062    u_CORTEXM0INTEGRATION/u_logic/Ozopw6_reg_i_16_n_0
    SLICE_X54Y28         CARRY4 (Prop_carry4_CI_O[0])
                                                      0.157    14.219 r  u_CORTEXM0INTEGRATION/u_logic/Z5tpw6_reg_i_8/O[0]
                         net (fo=1, routed)           1.023    15.242    u_CORTEXM0INTEGRATION/u_logic/p_1_in62_in
    SLICE_X56Y19         LUT5 (Prop_lut5_I0_O)        0.212    15.454 r  u_CORTEXM0INTEGRATION/u_logic/Yrspw6_i_8/O
                         net (fo=1, routed)           0.646    16.100    u_CORTEXM0INTEGRATION/u_logic/Yrspw6_i_8_n_0
    SLICE_X55Y25         LUT6 (Prop_lut6_I0_O)        0.234    16.334 r  u_CORTEXM0INTEGRATION/u_logic/Yrspw6_i_4/O
                         net (fo=1, routed)           0.632    16.966    u_CORTEXM0INTEGRATION/u_logic/Yrspw6_i_4_n_0
    SLICE_X51Y27         LUT5 (Prop_lut5_I4_O)        0.097    17.063 r  u_CORTEXM0INTEGRATION/u_logic/Yrspw6_i_2/O
                         net (fo=2, routed)           0.884    17.947    u_CORTEXM0INTEGRATION/u_logic/Yrspw6_i_2_n_0
    SLICE_X47Y26         LUT2 (Prop_lut2_I0_O)        0.101    18.048 r  u_CORTEXM0INTEGRATION/u_logic/Yrspw6_i_1/O
                         net (fo=16, routed)          1.188    19.237    u_CORTEXM0INTEGRATION/u_logic/Zvkiu6
    SLICE_X59Y31         FDRE                                         r  u_CORTEXM0INTEGRATION/u_logic/Ni5bx6_reg/D
  -------------------------------------------------------------------    -------------------

Slack:                    inf
  Source:                 u_CORTEXM0INTEGRATION/u_logic/M6kax6_reg/C
                            (rising edge-triggered cell FDRE)
  Destination:            u_CORTEXM0INTEGRATION/u_logic/Fvoax6_reg/D
  Path Group:             (none)
  Path Type:              Max at Slow Process Corner
  Data Path Delay:        19.148ns  (logic 6.384ns (33.340%)  route 12.764ns (66.660%))
  Logic Levels:           15  (CARRY4=3 DSP48E1=2 FDRE=1 LUT2=3 LUT4=1 LUT5=3 LUT6=2)

    Location             Delay type                Incr(ns)  Path(ns)    Netlist Resource(s)
  -------------------------------------------------------------------    -------------------
    SLICE_X61Y12         FDRE                         0.000     0.000 r  u_CORTEXM0INTEGRATION/u_logic/M6kax6_reg/C
    SLICE_X61Y12         FDRE (Prop_fdre_C_Q)         0.341     0.341 f  u_CORTEXM0INTEGRATION/u_logic/M6kax6_reg/Q
                         net (fo=172, routed)         3.549     3.890    u_CORTEXM0INTEGRATION/u_logic/M6kax6
    SLICE_X62Y31         LUT4 (Prop_lut4_I1_O)        0.101     3.991 f  u_CORTEXM0INTEGRATION/u_logic/Affpw60_i_104/O
                         net (fo=23, routed)          1.686     5.677    u_CORTEXM0INTEGRATION/u_logic/Affpw60_i_104_n_0
    SLICE_X64Y20         LUT5 (Prop_lut5_I1_O)        0.239     5.916 r  u_CORTEXM0INTEGRATION/u_logic/Affpw60__0_i_64/O
                         net (fo=1, routed)           0.544     6.460    u_CORTEXM0INTEGRATION/u_logic/Affpw60__0_i_64_n_0
    SLICE_X64Y21         LUT6 (Prop_lut6_I5_O)        0.097     6.557 r  u_CORTEXM0INTEGRATION/u_logic/Affpw60__0_i_32/O
                         net (fo=6, routed)           1.194     7.751    u_CORTEXM0INTEGRATION/u_logic/Affpw60__0_i_32_n_0
    SLICE_X53Y28         LUT2 (Prop_lut2_I1_O)        0.111     7.862 r  u_CORTEXM0INTEGRATION/u_logic/Affpw60__0_i_13/O
                         net (fo=2, routed)           0.402     8.264    u_CORTEXM0INTEGRATION/u_logic/Mifpw6[6]
    DSP48_X1Y11          DSP48E1 (Prop_dsp48e1_A[6]_PCOUT[47])
                                                      3.112    11.376 r  u_CORTEXM0INTEGRATION/u_logic/Affpw60__0/PCOUT[47]
                         net (fo=1, routed)           0.002    11.378    u_CORTEXM0INTEGRATION/u_logic/Affpw60__0_n_106
    DSP48_X1Y12          DSP48E1 (Prop_dsp48e1_PCIN[47]_P[1])
                                                      1.107    12.485 r  u_CORTEXM0INTEGRATION/u_logic/Affpw60__1/P[1]
                         net (fo=2, routed)           1.102    13.587    u_CORTEXM0INTEGRATION/u_logic/Affpw60__1_n_104
    SLICE_X54Y26         LUT2 (Prop_lut2_I0_O)        0.097    13.684 r  u_CORTEXM0INTEGRATION/u_logic/C9wpw6_i_8/O
                         net (fo=1, routed)           0.000    13.684    u_CORTEXM0INTEGRATION/u_logic/C9wpw6_i_8_n_0
    SLICE_X54Y26         CARRY4 (Prop_carry4_S[2]_CO[3])
                                                      0.286    13.970 r  u_CORTEXM0INTEGRATION/u_logic/C9wpw6_reg_i_6/CO[3]
                         net (fo=1, routed)           0.000    13.970    u_CORTEXM0INTEGRATION/u_logic/C9wpw6_reg_i_6_n_0
    SLICE_X54Y27         CARRY4 (Prop_carry4_CI_CO[3])
                                                      0.092    14.062 r  u_CORTEXM0INTEGRATION/u_logic/Ozopw6_reg_i_16/CO[3]
                         net (fo=1, routed)           0.000    14.062    u_CORTEXM0INTEGRATION/u_logic/Ozopw6_reg_i_16_n_0
    SLICE_X54Y28         CARRY4 (Prop_carry4_CI_O[0])
                                                      0.157    14.219 r  u_CORTEXM0INTEGRATION/u_logic/Z5tpw6_reg_i_8/O[0]
                         net (fo=1, routed)           1.023    15.242    u_CORTEXM0INTEGRATION/u_logic/p_1_in62_in
    SLICE_X56Y19         LUT5 (Prop_lut5_I0_O)        0.212    15.454 r  u_CORTEXM0INTEGRATION/u_logic/Yrspw6_i_8/O
                         net (fo=1, routed)           0.646    16.100    u_CORTEXM0INTEGRATION/u_logic/Yrspw6_i_8_n_0
    SLICE_X55Y25         LUT6 (Prop_lut6_I0_O)        0.234    16.334 r  u_CORTEXM0INTEGRATION/u_logic/Yrspw6_i_4/O
                         net (fo=1, routed)           0.632    16.966    u_CORTEXM0INTEGRATION/u_logic/Yrspw6_i_4_n_0
    SLICE_X51Y27         LUT5 (Prop_lut5_I4_O)        0.097    17.063 r  u_CORTEXM0INTEGRATION/u_logic/Yrspw6_i_2/O
                         net (fo=2, routed)           0.884    17.947    u_CORTEXM0INTEGRATION/u_logic/Yrspw6_i_2_n_0
    SLICE_X47Y26         LUT2 (Prop_lut2_I0_O)        0.101    18.048 r  u_CORTEXM0INTEGRATION/u_logic/Yrspw6_i_1/O
                         net (fo=16, routed)          1.100    19.148    u_CORTEXM0INTEGRATION/u_logic/Zvkiu6
    SLICE_X57Y32         FDRE                                         r  u_CORTEXM0INTEGRATION/u_logic/Fvoax6_reg/D
  -------------------------------------------------------------------    -------------------

Slack:                    inf
  Source:                 u_CORTEXM0INTEGRATION/u_logic/M6kax6_reg/C
                            (rising edge-triggered cell FDRE)
  Destination:            u_CORTEXM0INTEGRATION/u_logic/M3wax6_reg/D
  Path Group:             (none)
  Path Type:              Max at Slow Process Corner
  Data Path Delay:        19.136ns  (logic 6.384ns (33.361%)  route 12.752ns (66.639%))
  Logic Levels:           15  (CARRY4=3 DSP48E1=2 FDRE=1 LUT2=3 LUT4=1 LUT5=3 LUT6=2)

    Location             Delay type                Incr(ns)  Path(ns)    Netlist Resource(s)
  -------------------------------------------------------------------    -------------------
    SLICE_X61Y12         FDRE                         0.000     0.000 r  u_CORTEXM0INTEGRATION/u_logic/M6kax6_reg/C
    SLICE_X61Y12         FDRE (Prop_fdre_C_Q)         0.341     0.341 f  u_CORTEXM0INTEGRATION/u_logic/M6kax6_reg/Q
                         net (fo=172, routed)         3.549     3.890    u_CORTEXM0INTEGRATION/u_logic/M6kax6
    SLICE_X62Y31         LUT4 (Prop_lut4_I1_O)        0.101     3.991 f  u_CORTEXM0INTEGRATION/u_logic/Affpw60_i_104/O
                         net (fo=23, routed)          1.686     5.677    u_CORTEXM0INTEGRATION/u_logic/Affpw60_i_104_n_0
    SLICE_X64Y20         LUT5 (Prop_lut5_I1_O)        0.239     5.916 r  u_CORTEXM0INTEGRATION/u_logic/Affpw60__0_i_64/O
                         net (fo=1, routed)           0.544     6.460    u_CORTEXM0INTEGRATION/u_logic/Affpw60__0_i_64_n_0
    SLICE_X64Y21         LUT6 (Prop_lut6_I5_O)        0.097     6.557 r  u_CORTEXM0INTEGRATION/u_logic/Affpw60__0_i_32/O
                         net (fo=6, routed)           1.194     7.751    u_CORTEXM0INTEGRATION/u_logic/Affpw60__0_i_32_n_0
    SLICE_X53Y28         LUT2 (Prop_lut2_I1_O)        0.111     7.862 r  u_CORTEXM0INTEGRATION/u_logic/Affpw60__0_i_13/O
                         net (fo=2, routed)           0.402     8.264    u_CORTEXM0INTEGRATION/u_logic/Mifpw6[6]
    DSP48_X1Y11          DSP48E1 (Prop_dsp48e1_A[6]_PCOUT[47])
                                                      3.112    11.376 r  u_CORTEXM0INTEGRATION/u_logic/Affpw60__0/PCOUT[47]
                         net (fo=1, routed)           0.002    11.378    u_CORTEXM0INTEGRATION/u_logic/Affpw60__0_n_106
    DSP48_X1Y12          DSP48E1 (Prop_dsp48e1_PCIN[47]_P[1])
                                                      1.107    12.485 r  u_CORTEXM0INTEGRATION/u_logic/Affpw60__1/P[1]
                         net (fo=2, routed)           1.102    13.587    u_CORTEXM0INTEGRATION/u_logic/Affpw60__1_n_104
    SLICE_X54Y26         LUT2 (Prop_lut2_I0_O)        0.097    13.684 r  u_CORTEXM0INTEGRATION/u_logic/C9wpw6_i_8/O
                         net (fo=1, routed)           0.000    13.684    u_CORTEXM0INTEGRATION/u_logic/C9wpw6_i_8_n_0
    SLICE_X54Y26         CARRY4 (Prop_carry4_S[2]_CO[3])
                                                      0.286    13.970 r  u_CORTEXM0INTEGRATION/u_logic/C9wpw6_reg_i_6/CO[3]
                         net (fo=1, routed)           0.000    13.970    u_CORTEXM0INTEGRATION/u_logic/C9wpw6_reg_i_6_n_0
    SLICE_X54Y27         CARRY4 (Prop_carry4_CI_CO[3])
                                                      0.092    14.062 r  u_CORTEXM0INTEGRATION/u_logic/Ozopw6_reg_i_16/CO[3]
                         net (fo=1, routed)           0.000    14.062    u_CORTEXM0INTEGRATION/u_logic/Ozopw6_reg_i_16_n_0
    SLICE_X54Y28         CARRY4 (Prop_carry4_CI_O[0])
                                                      0.157    14.219 r  u_CORTEXM0INTEGRATION/u_logic/Z5tpw6_reg_i_8/O[0]
                         net (fo=1, routed)           1.023    15.242    u_CORTEXM0INTEGRATION/u_logic/p_1_in62_in
    SLICE_X56Y19         LUT5 (Prop_lut5_I0_O)        0.212    15.454 r  u_CORTEXM0INTEGRATION/u_logic/Yrspw6_i_8/O
                         net (fo=1, routed)           0.646    16.100    u_CORTEXM0INTEGRATION/u_logic/Yrspw6_i_8_n_0
    SLICE_X55Y25         LUT6 (Prop_lut6_I0_O)        0.234    16.334 r  u_CORTEXM0INTEGRATION/u_logic/Yrspw6_i_4/O
                         net (fo=1, routed)           0.632    16.966    u_CORTEXM0INTEGRATION/u_logic/Yrspw6_i_4_n_0
    SLICE_X51Y27         LUT5 (Prop_lut5_I4_O)        0.097    17.063 r  u_CORTEXM0INTEGRATION/u_logic/Yrspw6_i_2/O
                         net (fo=2, routed)           0.884    17.947    u_CORTEXM0INTEGRATION/u_logic/Yrspw6_i_2_n_0
    SLICE_X47Y26         LUT2 (Prop_lut2_I0_O)        0.101    18.048 r  u_CORTEXM0INTEGRATION/u_logic/Yrspw6_i_1/O
                         net (fo=16, routed)          1.088    19.136    u_CORTEXM0INTEGRATION/u_logic/Zvkiu6
    SLICE_X57Y33         FDRE                                         r  u_CORTEXM0INTEGRATION/u_logic/M3wax6_reg/D
  -------------------------------------------------------------------    -------------------





Min Delay Paths
--------------------------------------------------------------------------------------
Slack:                    inf
  Source:                 uAHBUART/uUART_RX/data_reg_reg[0]/C
                            (rising edge-triggered cell FDCE)
  Destination:            uAHBUART/uFIFO_RX/array_reg_reg_0_15_0_5/RAMA/I
  Path Group:             (none)
  Path Type:              Min at Fast Process Corner
  Data Path Delay:        0.196ns  (logic 0.141ns (71.991%)  route 0.055ns (28.009%))
  Logic Levels:           1  (FDCE=1)

    Location             Delay type                Incr(ns)  Path(ns)    Netlist Resource(s)
  -------------------------------------------------------------------    -------------------
    SLICE_X39Y2          FDCE                         0.000     0.000 r  uAHBUART/uUART_RX/data_reg_reg[0]/C
    SLICE_X39Y2          FDCE (Prop_fdce_C_Q)         0.141     0.141 r  uAHBUART/uUART_RX/data_reg_reg[0]/Q
                         net (fo=1, routed)           0.055     0.196    uAHBUART/uFIFO_RX/array_reg_reg_0_15_0_5/DIA0
    SLICE_X38Y2          RAMD32                                       r  uAHBUART/uFIFO_RX/array_reg_reg_0_15_0_5/RAMA/I
  -------------------------------------------------------------------    -------------------

Slack:                    inf
  Source:                 uAHBUART/uUART_RX/data_reg_reg[4]/C
                            (rising edge-triggered cell FDCE)
  Destination:            uAHBUART/uFIFO_RX/array_reg_reg_0_15_0_5/RAMC/I
  Path Group:             (none)
  Path Type:              Min at Fast Process Corner
  Data Path Delay:        0.196ns  (logic 0.128ns (65.222%)  route 0.068ns (34.778%))
  Logic Levels:           1  (FDCE=1)

    Location             Delay type                Incr(ns)  Path(ns)    Netlist Resource(s)
  -------------------------------------------------------------------    -------------------
    SLICE_X39Y2          FDCE                         0.000     0.000 r  uAHBUART/uUART_RX/data_reg_reg[4]/C
    SLICE_X39Y2          FDCE (Prop_fdce_C_Q)         0.128     0.128 r  uAHBUART/uUART_RX/data_reg_reg[4]/Q
                         net (fo=2, routed)           0.068     0.196    uAHBUART/uFIFO_RX/array_reg_reg_0_15_0_5/DIC0
    SLICE_X38Y2          RAMD32                                       r  uAHBUART/uFIFO_RX/array_reg_reg_0_15_0_5/RAMC/I
  -------------------------------------------------------------------    -------------------

Slack:                    inf
  Source:                 uAHBVGA/uVGAInterface/FreqDivider/counter_reg[0]/C
                            (rising edge-triggered cell FDRE)
  Destination:            uAHBVGA/uVGAInterface/FreqDivider/triggerout_reg/D
  Path Group:             (none)
  Path Type:              Min at Fast Process Corner
  Data Path Delay:        0.206ns  (logic 0.141ns (68.492%)  route 0.065ns (31.508%))
  Logic Levels:           1  (FDRE=1)

    Location             Delay type                Incr(ns)  Path(ns)    Netlist Resource(s)
  -------------------------------------------------------------------    -------------------
    SLICE_X31Y31         FDRE                         0.000     0.000 r  uAHBVGA/uVGAInterface/FreqDivider/counter_reg[0]/C
    SLICE_X31Y31         FDRE (Prop_fdre_C_Q)         0.141     0.141 r  uAHBVGA/uVGAInterface/FreqDivider/counter_reg[0]/Q
                         net (fo=2, routed)           0.065     0.206    uAHBVGA/uVGAInterface/FreqDivider/counter_reg_n_0_[0]
    SLICE_X31Y31         FDRE                                         r  uAHBVGA/uVGAInterface/FreqDivider/triggerout_reg/D
  -------------------------------------------------------------------    -------------------

Slack:                    inf
  Source:                 uAHBVGA/uVGAInterface/HorzAddrCounter/triggerout_reg/C
                            (rising edge-triggered cell FDRE)
  Destination:            uAHBVGA/uVGAInterface/VertAddrCounter/counter_reg[2]/CE
  Path Group:             (none)
  Path Type:              Min at Fast Process Corner
  Data Path Delay:        0.249ns  (logic 0.128ns (51.442%)  route 0.121ns (48.558%))
  Logic Levels:           1  (FDRE=1)

    Location             Delay type                Incr(ns)  Path(ns)    Netlist Resource(s)
  -------------------------------------------------------------------    -------------------
    SLICE_X31Y31         FDRE                         0.000     0.000 r  uAHBVGA/uVGAInterface/HorzAddrCounter/triggerout_reg/C
    SLICE_X31Y31         FDRE (Prop_fdre_C_Q)         0.128     0.128 r  uAHBVGA/uVGAInterface/HorzAddrCounter/triggerout_reg/Q
                         net (fo=11, routed)          0.121     0.249    uAHBVGA/uVGAInterface/VertAddrCounter/TrigHOut
    SLICE_X30Y32         FDRE                                         r  uAHBVGA/uVGAInterface/VertAddrCounter/counter_reg[2]/CE
  -------------------------------------------------------------------    -------------------

Slack:                    inf
  Source:                 uAHBVGA/uVGAInterface/HorzAddrCounter/triggerout_reg/C
                            (rising edge-triggered cell FDRE)
  Destination:            uAHBVGA/uVGAInterface/VertAddrCounter/counter_reg[3]/CE
  Path Group:             (none)
  Path Type:              Min at Fast Process Corner
  Data Path Delay:        0.249ns  (logic 0.128ns (51.442%)  route 0.121ns (48.558%))
  Logic Levels:           1  (FDRE=1)

    Location             Delay type                Incr(ns)  Path(ns)    Netlist Resource(s)
  -------------------------------------------------------------------    -------------------
    SLICE_X31Y31         FDRE                         0.000     0.000 r  uAHBVGA/uVGAInterface/HorzAddrCounter/triggerout_reg/C
    SLICE_X31Y31         FDRE (Prop_fdre_C_Q)         0.128     0.128 r  uAHBVGA/uVGAInterface/HorzAddrCounter/triggerout_reg/Q
                         net (fo=11, routed)          0.121     0.249    uAHBVGA/uVGAInterface/VertAddrCounter/TrigHOut
    SLICE_X30Y32         FDRE                                         r  uAHBVGA/uVGAInterface/VertAddrCounter/counter_reg[3]/CE
  -------------------------------------------------------------------    -------------------

Slack:                    inf
  Source:                 uAHBVGA/uVGAInterface/HorzAddrCounter/triggerout_reg/C
                            (rising edge-triggered cell FDRE)
  Destination:            uAHBVGA/uVGAInterface/VertAddrCounter/counter_reg[4]/CE
  Path Group:             (none)
  Path Type:              Min at Fast Process Corner
  Data Path Delay:        0.249ns  (logic 0.128ns (51.442%)  route 0.121ns (48.558%))
  Logic Levels:           1  (FDRE=1)

    Location             Delay type                Incr(ns)  Path(ns)    Netlist Resource(s)
  -------------------------------------------------------------------    -------------------
    SLICE_X31Y31         FDRE                         0.000     0.000 r  uAHBVGA/uVGAInterface/HorzAddrCounter/triggerout_reg/C
    SLICE_X31Y31         FDRE (Prop_fdre_C_Q)         0.128     0.128 r  uAHBVGA/uVGAInterface/HorzAddrCounter/triggerout_reg/Q
                         net (fo=11, routed)          0.121     0.249    uAHBVGA/uVGAInterface/VertAddrCounter/TrigHOut
    SLICE_X30Y32         FDRE                                         r  uAHBVGA/uVGAInterface/VertAddrCounter/counter_reg[4]/CE
  -------------------------------------------------------------------    -------------------

Slack:                    inf
  Source:                 uAHBVGA/uVGAInterface/HorzAddrCounter/triggerout_reg/C
                            (rising edge-triggered cell FDRE)
  Destination:            uAHBVGA/uVGAInterface/VertAddrCounter/counter_reg[5]/CE
  Path Group:             (none)
  Path Type:              Min at Fast Process Corner
  Data Path Delay:        0.249ns  (logic 0.128ns (51.442%)  route 0.121ns (48.558%))
  Logic Levels:           1  (FDRE=1)

    Location             Delay type                Incr(ns)  Path(ns)    Netlist Resource(s)
  -------------------------------------------------------------------    -------------------
    SLICE_X31Y31         FDRE                         0.000     0.000 r  uAHBVGA/uVGAInterface/HorzAddrCounter/triggerout_reg/C
    SLICE_X31Y31         FDRE (Prop_fdre_C_Q)         0.128     0.128 r  uAHBVGA/uVGAInterface/HorzAddrCounter/triggerout_reg/Q
                         net (fo=11, routed)          0.121     0.249    uAHBVGA/uVGAInterface/VertAddrCounter/TrigHOut
    SLICE_X30Y32         FDRE                                         r  uAHBVGA/uVGAInterface/VertAddrCounter/counter_reg[5]/CE
  -------------------------------------------------------------------    -------------------

Slack:                    inf
  Source:                 uAHBUART/uUART_RX/data_reg_reg[3]/C
                            (rising edge-triggered cell FDCE)
  Destination:            uAHBUART/uUART_RX/data_reg_reg[2]/D
  Path Group:             (none)
  Path Type:              Min at Fast Process Corner
  Data Path Delay:        0.251ns  (logic 0.141ns (56.266%)  route 0.110ns (43.734%))
  Logic Levels:           1  (FDCE=1)

    Location             Delay type                Incr(ns)  Path(ns)    Netlist Resource(s)
  -------------------------------------------------------------------    -------------------
    SLICE_X39Y2          FDCE                         0.000     0.000 r  uAHBUART/uUART_RX/data_reg_reg[3]/C
    SLICE_X39Y2          FDCE (Prop_fdce_C_Q)         0.141     0.141 r  uAHBUART/uUART_RX/data_reg_reg[3]/Q
                         net (fo=2, routed)           0.110     0.251    uAHBUART/uUART_RX/Q[3]
    SLICE_X39Y2          FDCE                                         r  uAHBUART/uUART_RX/data_reg_reg[2]/D
  -------------------------------------------------------------------    -------------------

Slack:                    inf
  Source:                 uAHBTIMER/load_reg[1]/C
                            (rising edge-triggered cell FDCE)
  Destination:            uAHBTIMER/value_reg[1]/D
  Path Group:             (none)
  Path Type:              Min at Fast Process Corner
  Data Path Delay:        0.251ns  (logic 0.186ns (74.072%)  route 0.065ns (25.928%))
  Logic Levels:           2  (FDCE=1 LUT5=1)

    Location             Delay type                Incr(ns)  Path(ns)    Netlist Resource(s)
  -------------------------------------------------------------------    -------------------
    SLICE_X37Y5          FDCE                         0.000     0.000 r  uAHBTIMER/load_reg[1]/C
    SLICE_X37Y5          FDCE (Prop_fdce_C_Q)         0.141     0.141 r  uAHBTIMER/load_reg[1]/Q
                         net (fo=2, routed)           0.065     0.206    uAHBTIMER/load_reg_n_0_[1]
    SLICE_X36Y5          LUT5 (Prop_lut5_I1_O)        0.045     0.251 r  uAHBTIMER/value[1]_i_1/O
                         net (fo=1, routed)           0.000     0.251    uAHBTIMER/value[1]_i_1_n_0
    SLICE_X36Y5          FDCE                                         r  uAHBTIMER/value_reg[1]/D
  -------------------------------------------------------------------    -------------------

Slack:                    inf
  Source:                 u_CORTEXM0INTEGRATION/u_logic/X5opw6_reg/C
                            (rising edge-triggered cell FDRE)
  Destination:            u_CORTEXM0INTEGRATION/u_logic/Y7opw6_reg/D
  Path Group:             (none)
  Path Type:              Min at Fast Process Corner
  Data Path Delay:        0.251ns  (logic 0.186ns (74.072%)  route 0.065ns (25.928%))
  Logic Levels:           2  (FDRE=1 LUT6=1)

    Location             Delay type                Incr(ns)  Path(ns)    Netlist Resource(s)
  -------------------------------------------------------------------    -------------------
    SLICE_X37Y13         FDRE                         0.000     0.000 r  u_CORTEXM0INTEGRATION/u_logic/X5opw6_reg/C
    SLICE_X37Y13         FDRE (Prop_fdre_C_Q)         0.141     0.141 r  u_CORTEXM0INTEGRATION/u_logic/X5opw6_reg/Q
                         net (fo=2, routed)           0.065     0.206    u_CORTEXM0INTEGRATION/u_logic/X5opw6
    SLICE_X36Y13         LUT6 (Prop_lut6_I2_O)        0.045     0.251 r  u_CORTEXM0INTEGRATION/u_logic/Y7opw6_i_1/O
                         net (fo=1, routed)           0.000     0.251    u_CORTEXM0INTEGRATION/u_logic/Oduhu6
    SLICE_X36Y13         FDRE                                         r  u_CORTEXM0INTEGRATION/u_logic/Y7opw6_reg/D
  -------------------------------------------------------------------    -------------------





