


ARM Macro Assembler    Page 1 


    1 00000000         ;-------------------------------------------------------
                       -----------------------------------------------
    2 00000000         ; Design and Implementation of an AHB Interrupt Mechanis
                       m  
    3 00000000         ; 1)Input characters from keyboard (UART) and output to 
                       the terminal (using interrupt)
    4 00000000         ; 2)A counter is incremented from 1 to 10 and displayed 
                       on the 7-segment display (using interrupt)
    5 00000000         ;-------------------------------------------------------
                       -----------------------------------------------
    6 00000000         
    7 00000000         
    8 00000000         ; Vector Table Mapped to Address 0 at Reset
    9 00000000 50000000 
                       VGA_base_address
                               EQU              0x50000000
   10 00000000 51000000 
                       UART_base_address
                               EQU              0x51000000
   11 00000000 52000000 
                       timer_base_address
                               EQU              0x52000000
   12 00000000 53000000 
                       GPIO_base_address
                               EQU              0x53000000
   13 00000000 53000004 
                       GPIO_direction_address
                               EQU              0x53000004
   14 00000000 53000000 
                       GPIO_Data
                               EQU              0x53000000
   15 00000000 54000000 
                       SEG7_base_address
                               EQU              0x54000000
   16 00000000 54000000 
                       SEG7_digit_1_register
                               EQU              0x54000000
   17 00000000 54000004 
                       SEG7_digit_2_register
                               EQU              0x54000004
   18 00000000 54000008 
                       SEG7_digit_3_register
                               EQU              0x54000008
   19 00000000 5400000C 
                       SEG7_digit_4_register
                               EQU              0x5400000C
   20 00000000 55000000 
                       LED_base_address
                               EQU              0x55000000
   21 00000000 52000004 
                       timer_value_address
                               EQU              0x52000004
   22 00000000 52000008 
                       timer_control_address
                               EQU              0x52000008
   23 00000000 00003FFC 
                       initial_SP
                               EQU              0x00003FFC  ; initial stack poi
                                                            nter value



ARM Macro Assembler    Page 2 


   24 00000000         
   25 00000000         
   26 00000000                 PRESERVE8
   27 00000000                 THUMB
   28 00000000         
   29 00000000                 AREA             RESET, DATA, READONLY ; First 3
                                                            2 WORDS is VECTOR T
                                                            ABLE
   30 00000000                 EXPORT           __Vectors
   31 00000000         
   32 00000000 00003FFC 
                       __Vectors
                               DCD              0x00003FFC
   33 00000004 00000000        DCD              Reset_Handler
   34 00000008 00000000        DCD              0
   35 0000000C 00000000        DCD              0
   36 00000010 00000000        DCD              0
   37 00000014 00000000        DCD              0
   38 00000018 00000000        DCD              0
   39 0000001C 00000000        DCD              0
   40 00000020 00000000        DCD              0
   41 00000024 00000000        DCD              0
   42 00000028 00000000        DCD              0
   43 0000002C 00000000        DCD              0
   44 00000030 00000000        DCD              0
   45 00000034 00000000        DCD              0
   46 00000038 00000000        DCD              0
   47 0000003C 00000000        DCD              0
   48 00000040         
   49 00000040         ; External Interrupts
   50 00000040         
   51 00000040 00000000        DCD              Timer_Handler
   52 00000044 00000000        DCD              UART_Handler
   53 00000048 00000000        DCD              0
   54 0000004C 00000000        DCD              0
   55 00000050 00000000        DCD              0
   56 00000054 00000000        DCD              0
   57 00000058 00000000        DCD              0
   58 0000005C 00000000        DCD              0
   59 00000060 00000000        DCD              0
   60 00000064 00000000        DCD              0
   61 00000068 00000000        DCD              0
   62 0000006C 00000000        DCD              0
   63 00000070 00000000        DCD              0
   64 00000074 00000000        DCD              0
   65 00000078 00000000        DCD              0
   66 0000007C 00000000        DCD              0
   67 00000080         
   68 00000080                 AREA             |.text|, CODE, READONLY
   69 00000000         ;Reset Handler
   70 00000000         Reset_Handler
                               PROC
   71 00000000                 GLOBAL           Reset_Handler
   72 00000000                 ENTRY
   73 00000000         
   74 00000000 4921            LDR              R1, =0xE000E400 ;Interrupt Prio
                                                            rity Register
   75 00000002 4822            LDR              R0, =0x00004000 ;Priority: IRQ0
                                                            (Timer): 0x00, IRQ1



ARM Macro Assembler    Page 3 


                                                            (UART): 0x40
   76 00000004 6008            STR              R0, [R1]
   77 00000006 4922            LDR              R1, =0xE000E100 ;Interrupt Set 
                                                            Enable Register
   78 00000008 4822            LDR              R0, =0x00000003 ;Enable interru
                                                            pts for UART and ti
                                                            mer 
   79 0000000A 6008            STR              R0, [R1]
   80 0000000C         
   81 0000000C         
   82 0000000C         ;Configure the timer
   83 0000000C         
   84 0000000C 4922            LDR              R1, =0x52000000 ;timer load val
                                                            ue register
   85 0000000E 4823            LDR              R0, =0x02FAF080 ;=50,000,000 (s
                                                            ystem tick frequenc
                                                            y)
   86 00000010 6008            STR              R0, [R1]
   87 00000012 4923            LDR              R1, =0x52000008 ;timer control 
                                                            register
   88 00000014 2003            MOVS             R0, #0x03   ;prescaler=1, enabl
                                                            e timer, reload mod
                                                            e
   89 00000016 6008            STR              R0, [R1]
   90 00000018         
   91 00000018 4D22            LDR              R5, =0x00000030 ;counting-up co
                                                            unter, start from '
                                                            0' (ascii=0x30)  
   92 0000001A         
   93 0000001A         AGAIN
   94 0000001A 4923            LDR              R1, = GPIO_direction_address
   95 0000001C 2000            MOVS             R0, #00
   96 0000001E 6008            STR              R0, [R1]
   97 00000020         
   98 00000020 4922            LDR              R1, = GPIO_base_address
   99 00000022 680A            LDR              R2, [R1]
  100 00000024         
  101 00000024 4920            LDR              R1, = GPIO_direction_address
  102 00000026 2001            MOVS             R0, #01
  103 00000028 6008            STR              R0, [R1]
  104 0000002A         
  105 0000002A 4920            LDR              R1, = GPIO_base_address
  106 0000002C 600A            STR              R2, [R1]
  107 0000002E         
  108 0000002E 4920            LDR              R1, =0x52000004 ;timer current 
                                                            value register
  109 00000030 680B            LDR              R3, [R1]
  110 00000032 0C1B            LSRS             R3, R3, #16 ;choose the higher 
                                                            16 bits
  111 00000034         
  112 00000034 0018            MOVS             R0, R3      ;display the 1st di
                                                            git
  113 00000036 4A1F            LDR              R2, =0x0F
  114 00000038 4010            ANDS             R0, R0, R2
  115 0000003A 491F            LDR              R1, =0x54000000
  116 0000003C 6008            STR              R0, [R1]
  117 0000003E         
  118 0000003E 0918            LSRS             R0, R3, #4  ;display the 2nd di
                                                            git



ARM Macro Assembler    Page 4 


  119 00000040 4A1C            LDR              R2, =0x0F
  120 00000042 4010            ANDS             R0, R0, R2
  121 00000044 491D            LDR              R1, =0x54000004
  122 00000046 6008            STR              R0, [R1]
  123 00000048         
  124 00000048 0A18            LSRS             R0, R3, #8  ;display the 3rd di
                                                            git
  125 0000004A 4A1A            LDR              R2, =0x0F
  126 0000004C 4010            ANDS             R0, R0, R2
  127 0000004E 491C            LDR              R1, =0x54000008
  128 00000050 6008            STR              R0, [R1]
  129 00000052         
  130 00000052 0B18            LSRS             R0, R3, #12 ;display the 4th di
                                                            git
  131 00000054 4A17            LDR              R2, =0x0F
  132 00000056 4010            ANDS             R0, R0, R2
  133 00000058 491A            LDR              R1, =0x5400000C
  134 0000005A 6008            STR              R0, [R1]
  135 0000005C         
  136 0000005C         
  137 0000005C E7DD            B                AGAIN
  138 0000005E         
  139 0000005E         
  140 0000005E                 ENDP
  141 0000005E         
  142 0000005E         Timer_Handler
                               PROC
  143 0000005E                 EXPORT           Timer_Handler
  144 0000005E B507            PUSH             {R0,R1,R2,LR}
  145 00000060         
  146 00000060 4919            LDR              R1, =0x5200000c ;clear timer in
                                                            terrupt
  147 00000062 2001            MOVS             R0, #0x01
  148 00000064 6008            STR              R0, [R1]
  149 00000066         
  150 00000066 4919            LDR              R1, =0x50000000 ;VGA BASE
  151 00000068 600D            STR              R5, [R1]
  152 0000006A 1C6D            ADDS             R5, R5, #0x01
  153 0000006C 2D3A            CMP              R5, #0x3A
  154 0000006E D102            BNE              NEXT
  155 00000070 490B            LDR              R1, =0x52000008 ;timer control 
                                                            register
  156 00000072 2000            MOVS             R0, #0x00   ;Stop timer if coun
                                                            ts to 9
  157 00000074 6008            STR              R0, [R1]
  158 00000076         
  159 00000076 2020    NEXT    MOVS             R0, #' '
  160 00000078 6008            STR              R0, [R1]
  161 0000007A         
  162 0000007A BD07            POP              {R0,R1,R2,PC} ;return
  163 0000007C                 ENDP
  164 0000007C         
  165 0000007C         UART_Handler
                               PROC
  166 0000007C                 EXPORT           UART_Handler
  167 0000007C         
  168 0000007C B507            PUSH             {R0,R1,R2,LR}
  169 0000007E 4914            LDR              R1, =0x51000000 ;UART
  170 00000080 6808            LDR              R0, [R1]    ;Get Data from UART



ARM Macro Assembler    Page 5 


                                                            
  171 00000082 6008            STR              R0, [R1]    ;Write to UART
  172 00000084         
  173 00000084 BD07            POP              {R0,R1,R2,PC}
  174 00000086                 ENDP
  175 00000086         
  176 00000086 00 00           ALIGN            4           ; Align to a word b
                                                            oundary
  177 00000088         
  178 00000088                 END
              E000E400 
              00004000 
              E000E100 
              00000003 
              52000000 
              02FAF080 
              52000008 
              00000030 
              53000004 
              53000000 
              52000004 
              0000000F 
              54000000 
              54000004 
              54000008 
              5400000C 
              5200000C 
              50000000 
              51000000 
Command Line: --debug --xref --diag_suppress=9931 --cpu=Cortex-M0 --apcs=interw
ork --depend=.\cm0dsasm.d -o.\cm0dsasm.o -I"H:\Digital Electronics\Assignment 2
\verlog8\Assigment_2\Software\RTE" -IQ:\uVision5.eps\ARM\PACK\ARM\CMSIS\5.0.0-B
eta4\CMSIS\Include -IQ:\uVision5.eps\ARM\PACK\ARM\CMSIS\5.0.0-Beta4\Device\ARM\
ARMCM0\Include --predefine="__UVISION_VERSION SETA 521" --predefine="_RTE_ SETA
 1" --predefine="ARMCM0 SETA 1" --list=.\cm0dsasm.lst cm0dsasm.s



ARM Macro Assembler    Page 1 Alphabetic symbol ordering
Relocatable symbols

RESET 00000000

Symbol: RESET
   Definitions
      At line 29 in file cm0dsasm.s
   Uses
      None
Comment: RESET unused
__Vectors 00000000

Symbol: __Vectors
   Definitions
      At line 32 in file cm0dsasm.s
   Uses
      At line 30 in file cm0dsasm.s
Comment: __Vectors used once
2 symbols



ARM Macro Assembler    Page 1 Alphabetic symbol ordering
Relocatable symbols

.text 00000000

Symbol: .text
   Definitions
      At line 68 in file cm0dsasm.s
   Uses
      None
Comment: .text unused
AGAIN 0000001A

Symbol: AGAIN
   Definitions
      At line 93 in file cm0dsasm.s
   Uses
      At line 137 in file cm0dsasm.s
Comment: AGAIN used once
NEXT 00000076

Symbol: NEXT
   Definitions
      At line 159 in file cm0dsasm.s
   Uses
      At line 154 in file cm0dsasm.s
Comment: NEXT used once
Reset_Handler 00000000

Symbol: Reset_Handler
   Definitions
      At line 70 in file cm0dsasm.s
   Uses
      At line 33 in file cm0dsasm.s
      At line 71 in file cm0dsasm.s

Timer_Handler 0000005E

Symbol: Timer_Handler
   Definitions
      At line 142 in file cm0dsasm.s
   Uses
      At line 51 in file cm0dsasm.s
      At line 143 in file cm0dsasm.s

UART_Handler 0000007C

Symbol: UART_Handler
   Definitions
      At line 165 in file cm0dsasm.s
   Uses
      At line 52 in file cm0dsasm.s
      At line 166 in file cm0dsasm.s

6 symbols



ARM Macro Assembler    Page 1 Alphabetic symbol ordering
Absolute symbols

GPIO_Data 53000000

Symbol: GPIO_Data
   Definitions
      At line 14 in file cm0dsasm.s
   Uses
      None
Comment: GPIO_Data unused
GPIO_base_address 53000000

Symbol: GPIO_base_address
   Definitions
      At line 12 in file cm0dsasm.s
   Uses
      At line 98 in file cm0dsasm.s
      At line 105 in file cm0dsasm.s

GPIO_direction_address 53000004

Symbol: GPIO_direction_address
   Definitions
      At line 13 in file cm0dsasm.s
   Uses
      At line 94 in file cm0dsasm.s
      At line 101 in file cm0dsasm.s

LED_base_address 55000000

Symbol: LED_base_address
   Definitions
      At line 20 in file cm0dsasm.s
   Uses
      None
Comment: LED_base_address unused
SEG7_base_address 54000000

Symbol: SEG7_base_address
   Definitions
      At line 15 in file cm0dsasm.s
   Uses
      None
Comment: SEG7_base_address unused
SEG7_digit_1_register 54000000

Symbol: SEG7_digit_1_register
   Definitions
      At line 16 in file cm0dsasm.s
   Uses
      None
Comment: SEG7_digit_1_register unused
SEG7_digit_2_register 54000004

Symbol: SEG7_digit_2_register
   Definitions
      At line 17 in file cm0dsasm.s
   Uses
      None
Comment: SEG7_digit_2_register unused
SEG7_digit_3_register 54000008



ARM Macro Assembler    Page 2 Alphabetic symbol ordering
Absolute symbols


Symbol: SEG7_digit_3_register
   Definitions
      At line 18 in file cm0dsasm.s
   Uses
      None
Comment: SEG7_digit_3_register unused
SEG7_digit_4_register 5400000C

Symbol: SEG7_digit_4_register
   Definitions
      At line 19 in file cm0dsasm.s
   Uses
      None
Comment: SEG7_digit_4_register unused
UART_base_address 51000000

Symbol: UART_base_address
   Definitions
      At line 10 in file cm0dsasm.s
   Uses
      None
Comment: UART_base_address unused
VGA_base_address 50000000

Symbol: VGA_base_address
   Definitions
      At line 9 in file cm0dsasm.s
   Uses
      None
Comment: VGA_base_address unused
initial_SP 00003FFC

Symbol: initial_SP
   Definitions
      At line 23 in file cm0dsasm.s
   Uses
      None
Comment: initial_SP unused
timer_base_address 52000000

Symbol: timer_base_address
   Definitions
      At line 11 in file cm0dsasm.s
   Uses
      None
Comment: timer_base_address unused
timer_control_address 52000008

Symbol: timer_control_address
   Definitions
      At line 22 in file cm0dsasm.s
   Uses
      None
Comment: timer_control_address unused
timer_value_address 52000004

Symbol: timer_value_address
   Definitions



ARM Macro Assembler    Page 3 Alphabetic symbol ordering
Absolute symbols

      At line 21 in file cm0dsasm.s
   Uses
      None
Comment: timer_value_address unused
15 symbols
358 symbols in table
