


ARM Macro Assembler    Page 1 


    1 00000000         ;;------------------------------------------------------
                       ------------------------------------------------
    2 00000000         ; Design and Implementation of an AHB timer, a GPIO peri
                       pheral, and a 7-segment display peripheral  
    3 00000000         ; 1)Display text string: "TEST" on VGA.
    4 00000000         ; 2)Input data from switches and output them to LEDs;
    5 00000000         ; 3)Display the timer value to the 7-segment display.
    6 00000000         ;-------------------------------------------------------
                       -----------------------------------------------
    7 00000000         
    8 00000000         
    9 00000000         ; Vector Table Mapped to Address 0 at Reset
   10 00000000         
   11 00000000                 PRESERVE8
   12 00000000                 THUMB
   13 00000000         
   14 00000000                 AREA             RESET, DATA, READONLY ; First 3
                                                            2 WORDS is VECTOR T
                                                            ABLE
   15 00000000                 EXPORT           __Vectors
   16 00000000         
   17 00000000 00003FFC 
                       __Vectors
                               DCD              0x00003FFC
   18 00000004 00000000        DCD              Reset_Handler
   19 00000008 00000000        DCD              0
   20 0000000C 00000000        DCD              0
   21 00000010 00000000        DCD              0
   22 00000014 00000000        DCD              0
   23 00000018 00000000        DCD              0
   24 0000001C 00000000        DCD              0
   25 00000020 00000000        DCD              0
   26 00000024 00000000        DCD              0
   27 00000028 00000000        DCD              0
   28 0000002C 00000000        DCD              0
   29 00000030 00000000        DCD              0
   30 00000034 00000000        DCD              0
   31 00000038 00000000        DCD              0
   32 0000003C 00000000        DCD              0
   33 00000040         
   34 00000040         ; External Interrupts
   35 00000040         
   36 00000040 00000000        DCD              0
   37 00000044 00000000        DCD              0
   38 00000048 00000000        DCD              0
   39 0000004C 00000000        DCD              0
   40 00000050 00000000        DCD              0
   41 00000054 00000000        DCD              0
   42 00000058 00000000        DCD              0
   43 0000005C 00000000        DCD              0
   44 00000060 00000000        DCD              0
   45 00000064 00000000        DCD              0
   46 00000068 00000000        DCD              0
   47 0000006C 00000000        DCD              0
   48 00000070 00000000        DCD              0
   49 00000074 00000000        DCD              0
   50 00000078 00000000        DCD              0
   51 0000007C 00000000        DCD              0
   52 00000080         



ARM Macro Assembler    Page 2 


   53 00000080                 AREA             |.text|, CODE, READONLY
   54 00000000         ;Reset Handler
   55 00000000         Reset_Handler
                               PROC
   56 00000000                 GLOBAL           Reset_Handler
   57 00000000                 ENTRY
   58 00000000         
   59 00000000         ;Write "TEST" to the text console and the UART
   60 00000000         
   61 00000000 491D            LDR              R1, =0x50000000 ;VGA BASE
   62 00000002 4A1E            LDR              R2, =0x51000000 ;UART BASE
   63 00000004 2054            MOVS             R0, #'T'
   64 00000006 6008            STR              R0, [R1]
   65 00000008 6010            STR              R0, [R2]
   66 0000000A         
   67 0000000A 491B            LDR              R1, =0x50000000 ;VGA BASE
   68 0000000C 4A1B            LDR              R2, =0x51000000 ;UART BASE
   69 0000000E 2045            MOVS             R0, #'E'
   70 00000010 6008            STR              R0, [R1]
   71 00000012 6010            STR              R0, [R2]
   72 00000014         
   73 00000014 4918            LDR              R1, =0x50000000 ;VGA BASE
   74 00000016 4A19            LDR              R2, =0x51000000 ;UART BASE
   75 00000018 2053            MOVS             R0, #'S'
   76 0000001A 6008            STR              R0, [R1]
   77 0000001C 6010            STR              R0, [R2]
   78 0000001E         
   79 0000001E 4916            LDR              R1, =0x50000000 ;VGA BASE
   80 00000020 4A16            LDR              R2, =0x51000000 ;UART BASE
   81 00000022 2054            MOVS             R0, #'T'
   82 00000024 6008            STR              R0, [R1]
   83 00000026 6010            STR              R0, [R2]
   84 00000028         
   85 00000028         
   86 00000028         ;Configure the timer
   87 00000028         
   88 00000028 4915            LDR              R1, =0x52000000 ;timer load val
                                                            ue register
   89 0000002A 4816            LDR              R0, =0xFFFFFFFF 
                                                            ;maximum load value
                                                            
   90 0000002C 6008            STR              R0, [R1]
   91 0000002E 4916            LDR              R1, =0x52000008 ;timer control 
                                                            register
   92 00000030 2007            MOVS             R0, #0x07   ;set prescaler, rel
                                                            oad mode, start tim
                                                            er
   93 00000032 6008            STR              R0, [R1]
   94 00000034         
   95 00000034         
   96 00000034         AGAIN
   97 00000034         ;Read from switch, and output to LEDs
   98 00000034         
   99 00000034 4915            LDR              R1, =0x53000004 
                                                            ;GPIO direction reg
                                                            
  100 00000036 2000            MOVS             R0, #00     ;direction input
  101 00000038 6008            STR              R0, [R1]
  102 0000003A         



ARM Macro Assembler    Page 3 


  103 0000003A 4915            LDR              R1, =0x53000000 ;GPIO data reg
  104 0000003C 680A            LDR              R2, [R1]    ;input data from th
                                                            e switch
  105 0000003E         
  106 0000003E 4913            LDR              R1, =0x53000004 ;change directi
                                                            on to output
  107 00000040 2001            MOVS             R0, #01
  108 00000042 6008            STR              R0, [R1]
  109 00000044         
  110 00000044 4912            LDR              R1, =0x53000000 ;output to LED
  111 00000046 600A            STR              R2, [R1]
  112 00000048         
  113 00000048         
  114 00000048         ;Read the current timer value, and output to 7-segments
  115 00000048         
  116 00000048 4912            LDR              R1, =0x52000004 ;timer current 
                                                            value register
  117 0000004A 680B            LDR              R3, [R1]
  118 0000004C 0C1B            LSRS             R3, R3, #16 ;choose the higher 
                                                            16 bits
  119 0000004E         
  120 0000004E         
  121 0000004E 0018            MOVS             R0, R3      ;display the 1st di
                                                            git
  122 00000050 4A11            LDR              R2, =0x0F
  123 00000052 4010            ANDS             R0, R0, R2
  124 00000054 4911            LDR              R1, =0x54000000
  125 00000056 6008            STR              R0, [R1]
  126 00000058         
  127 00000058         
  128 00000058 0918            LSRS             R0, R3, #4  ;display the 2nd di
                                                            git
  129 0000005A 4A0F            LDR              R2, =0x0F
  130 0000005C 4010            ANDS             R0, R0, R2
  131 0000005E 4910            LDR              R1, =0x54000004
  132 00000060 6008            STR              R0, [R1]
  133 00000062         
  134 00000062         
  135 00000062         
  136 00000062 0A18            LSRS             R0, R3, #8  ;display the 3rd di
                                                            git
  137 00000064 4A0C            LDR              R2, =0x0F
  138 00000066 4010            ANDS             R0, R0, R2
  139 00000068 490E            LDR              R1, =0x54000008
  140 0000006A 6008            STR              R0, [R1]
  141 0000006C         
  142 0000006C         
  143 0000006C 0B18            LSRS             R0, R3, #12 ;display the 4th di
                                                            git
  144 0000006E 4A0A            LDR              R2, =0x0F
  145 00000070 4010            ANDS             R0, R0, R2
  146 00000072 490D            LDR              R1, =0x5400000C
  147 00000074 6008            STR              R0, [R1]
  148 00000076         
  149 00000076         
  150 00000076 E7DD            B                AGAIN
  151 00000078         
  152 00000078         
  153 00000078                 ENDP



ARM Macro Assembler    Page 4 


  154 00000078         
  155 00000078                 ALIGN            4           ; Align to a word b
                                                            oundary
  156 00000078         
  157 00000078                 END
              50000000 
              51000000 
              52000000 
              FFFFFFFF 
              52000008 
              53000004 
              53000000 
              52000004 
              0000000F 
              54000000 
              54000004 
              54000008 
              5400000C 
Command Line: --debug --xref --diag_suppress=9931 --cpu=Cortex-M0 --apcs=interw
ork --depend=.\objects\cm0dsasm.d -o.\objects\cm0dsasm.o -I"H:\Digital Electron
ics\Lab7\Lab7\Software\RTE" -IQ:\uVision5.eps\ARM\PACK\ARM\CMSIS\5.0.0-Beta4\CM
SIS\Include -IQ:\uVision5.eps\ARM\PACK\Keil\V2M-MPS2_CMx_BSP\1.3.0\Device\CMSDK
_CM0\Include --predefine="__UVISION_VERSION SETA 521" --predefine="_RTE_ SETA 1
" --predefine="CMSDK_CM0 SETA 1" --list=.\listings\cm0dsasm.lst Source\cm0dsasm
.s



ARM Macro Assembler    Page 1 Alphabetic symbol ordering
Relocatable symbols

RESET 00000000

Symbol: RESET
   Definitions
      At line 14 in file Source\cm0dsasm.s
   Uses
      None
Comment: RESET unused
__Vectors 00000000

Symbol: __Vectors
   Definitions
      At line 17 in file Source\cm0dsasm.s
   Uses
      At line 15 in file Source\cm0dsasm.s
Comment: __Vectors used once
2 symbols



ARM Macro Assembler    Page 1 Alphabetic symbol ordering
Relocatable symbols

.text 00000000

Symbol: .text
   Definitions
      At line 53 in file Source\cm0dsasm.s
   Uses
      None
Comment: .text unused
AGAIN 00000034

Symbol: AGAIN
   Definitions
      At line 96 in file Source\cm0dsasm.s
   Uses
      At line 150 in file Source\cm0dsasm.s
Comment: AGAIN used once
Reset_Handler 00000000

Symbol: Reset_Handler
   Definitions
      At line 55 in file Source\cm0dsasm.s
   Uses
      At line 18 in file Source\cm0dsasm.s
      At line 56 in file Source\cm0dsasm.s

3 symbols
340 symbols in table
