Copyright 1986-2022 Xilinx, Inc. All Rights Reserved.
----------------------------------------------------------------------------------------
| Tool Version : Vivado v.2022.2 (win64) Build 3671981 Fri Oct 14 05:00:03 MDT 2022
| Date         : Tue Feb 28 16:04:23 2023
| Host         : HW-GRMF1-PC016 running 64-bit major release  (build 9200)
| Command      : report_control_sets -verbose -file AHBLITE_SYS_control_sets_placed.rpt
| Design       : AHBLITE_SYS
| Device       : xc7a35t
----------------------------------------------------------------------------------------

Control Set Information

Table of Contents
-----------------
1. Summary
2. Histogram
3. Flip-Flop Distribution
4. Detailed Control Set Information

1. Summary
----------

+----------------------------------------------------------+-------+
|                          Status                          | Count |
+----------------------------------------------------------+-------+
| Total control sets                                       |    65 |
|    Minimum number of control sets                        |    65 |
|    Addition due to synthesis replication                 |     0 |
|    Addition due to physical synthesis replication        |     0 |
| Unused register locations in slices containing registers |   224 |
+----------------------------------------------------------+-------+
* Control sets can be merged at opt_design using control_set_merge or merge_equivalent_drivers
** Run report_qor_suggestions for automated merging and remapping suggestions


2. Histogram
------------

+--------------------+-------+
|       Fanout       | Count |
+--------------------+-------+
| Total control sets |    65 |
| >= 0 to < 4        |     4 |
| >= 4 to < 6        |    23 |
| >= 6 to < 8        |     3 |
| >= 8 to < 10       |    11 |
| >= 10 to < 12      |     1 |
| >= 12 to < 14      |     1 |
| >= 14 to < 16      |     0 |
| >= 16              |    22 |
+--------------------+-------+
* Control sets can be remapped at either synth_design or opt_design


3. Flip-Flop Distribution
-------------------------

+--------------+-----------------------+------------------------+-----------------+--------------+
| Clock Enable | Synchronous Set/Reset | Asynchronous Set/Reset | Total Registers | Total Slices |
+--------------+-----------------------+------------------------+-----------------+--------------+
| No           | No                    | No                     |             121 |           68 |
| No           | No                    | Yes                    |             203 |          135 |
| No           | Yes                   | No                     |              29 |           12 |
| Yes          | No                    | No                     |             503 |          258 |
| Yes          | No                    | Yes                    |             111 |           45 |
| Yes          | Yes                   | No                     |             121 |           55 |
+--------------+-----------------------+------------------------+-----------------+--------------+


4. Detailed Control Set Information
-----------------------------------

+----------------+--------------------------------------------------------+-------------------------------------------------------------+------------------+----------------+--------------+
|  Clock Signal  |                      Enable Signal                     |                       Set/Reset Signal                      | Slice Load Count | Bel Load Count | Bels / Slice |
+----------------+--------------------------------------------------------+-------------------------------------------------------------+------------------+----------------+--------------+
|  CLK_IBUF_BUFG |                                                        |                                                             |                1 |              1 |         1.00 |
|  fclk          |                                                        | uAHBVGA/uVGAInterface/HorzAddrCounter/counter_reg[7]_0      |                1 |              1 |         1.00 |
|  fclk          |                                                        | uAHBVGA/uVGAInterface/VertAddrCounter/counter_reg[9]_1      |                1 |              1 |         1.00 |
|  fclk          | uAHBVGA/uVGAInterface/FreqDivider/TrigDiv              | uAHBVGA/uVGAInterface/HorzAddrCounter/counter[9]_i_1_n_0    |                2 |              3 |         1.50 |
|  fclk          | u_CORTEXM0INTEGRATION/u_logic/Dzvpw6_i_1_n_0           |                                                             |                1 |              4 |         4.00 |
|  fclk          | u_CORTEXM0INTEGRATION/u_logic/Rskax6_i_1_n_0           |                                                             |                2 |              4 |         2.00 |
|  fclk          |                                                        | RESET_IBUF                                                  |                1 |              4 |         4.00 |
|  fclk          | u_CORTEXM0INTEGRATION/u_logic/Vpgbx6_i_1_n_0           | u_CORTEXM0INTEGRATION/reset_sync_reg_reg[4]                 |                1 |              4 |         4.00 |
|  fclk          | u_CORTEXM0INTEGRATION/u_logic/Iixpw6_i_1_n_0           |                                                             |                2 |              4 |         2.00 |
|  fclk          | u_CORTEXM0INTEGRATION/u_logic/Xsmiu6                   | u_CORTEXM0INTEGRATION/u_logic/V5vax6_i_1_n_0                |                2 |              5 |         2.50 |
|  fclk          | uAHBVGA/uvga_console/yn[4]_i_1_n_0                     | u_CORTEXM0INTEGRATION/reset_sync_reg_reg[4]                 |                2 |              5 |         2.50 |
|  fclk          | u_CORTEXM0INTEGRATION/u_logic/Ydkiu6                   | u_CORTEXM0INTEGRATION/u_logic/Cfwpw6_i_1_n_0                |                4 |              5 |         1.25 |
|  fclk          | u_CORTEXM0INTEGRATION/u_logic/Zgzpw6_i_1_n_0           | u_CORTEXM0INTEGRATION/u_logic/Tg0qw6_i_1_n_0                |                2 |              5 |         2.50 |
|  fclk          | u_CORTEXM0INTEGRATION/u_logic/Ztmiu6                   | u_CORTEXM0INTEGRATION/u_logic/De6bx6_i_1_n_0                |                2 |              5 |         2.50 |
|  fclk          | u_CORTEXM0INTEGRATION/u_logic/Etmiu6                   | u_CORTEXM0INTEGRATION/u_logic/Cbwpw6_i_1_n_0                |                3 |              5 |         1.67 |
|  fclk          | u_CORTEXM0INTEGRATION/u_logic/A5qax6_i_1_n_0           | u_CORTEXM0INTEGRATION/u_logic/U0rax6_i_1_n_0                |                2 |              5 |         2.50 |
|  fclk          | u_CORTEXM0INTEGRATION/u_logic/Csmiu6                   | u_CORTEXM0INTEGRATION/u_logic/Eotax6_i_1_n_0                |                2 |              5 |         2.50 |
|  fclk          | u_CORTEXM0INTEGRATION/u_logic/Cmlax6_i_1_n_0           | u_CORTEXM0INTEGRATION/u_logic/Whmax6_i_1_n_0                |                3 |              5 |         1.67 |
|  fclk          | u_CORTEXM0INTEGRATION/u_logic/Qsmiu6                   | u_CORTEXM0INTEGRATION/u_logic/Cdwpw6_i_1_n_0                |                4 |              5 |         1.25 |
|  fclk          | u_CORTEXM0INTEGRATION/u_logic/Gumiu6                   | u_CORTEXM0INTEGRATION/u_logic/C7wpw6_i_1_n_0                |                2 |              5 |         2.50 |
|  fclk          | u_CORTEXM0INTEGRATION/u_logic/Jsmiu6                   | u_CORTEXM0INTEGRATION/u_logic/Lpwax6_i_1_n_0                |                3 |              5 |         1.67 |
|  fclk          | u_CORTEXM0INTEGRATION/u_logic/S5nax6_i_1_n_0           | u_CORTEXM0INTEGRATION/u_logic/Nznax6_i_1_n_0                |                2 |              5 |         2.50 |
|  fclk          | u_CORTEXM0INTEGRATION/u_logic/Kloax6_i_1_n_0           | u_CORTEXM0INTEGRATION/u_logic/Ehpax6_i_1_n_0                |                3 |              5 |         1.67 |
|  fclk          | u_CORTEXM0INTEGRATION/u_logic/Stmiu6                   | u_CORTEXM0INTEGRATION/u_logic/O4sax6_i_1_n_0                |                3 |              5 |         1.67 |
|  fclk          | u_CORTEXM0INTEGRATION/u_logic/Ltmiu6                   | u_CORTEXM0INTEGRATION/u_logic/C9wpw6_i_1_n_0                |                2 |              5 |         2.50 |
|  fclk          | u_CORTEXM0INTEGRATION/u_logic/Numiu6                   | u_CORTEXM0INTEGRATION/u_logic/C5wpw6_i_1_n_0                |                3 |              5 |         1.67 |
|  fclk          | uAHBVGA/uvga_console/cur_y_reg[4]_i_1_n_0              | u_CORTEXM0INTEGRATION/reset_sync_reg_reg[4]                 |                3 |              5 |         1.67 |
|  fclk          | uAHBVGA/uVGAInterface/FreqDivider/TrigDiv              |                                                             |                2 |              6 |         3.00 |
|  fclk          | hresetn                                                |                                                             |                2 |              6 |         3.00 |
|  fclk          | uAHBVGA/uvga_console/uvideo_ram/E[0]                   | u_CORTEXM0INTEGRATION/reset_sync_reg_reg[4]                 |                3 |              7 |         2.33 |
|  fclk          | u_CORTEXM0INTEGRATION/u_logic/Z9abx6_i_1_n_0           | u_CORTEXM0INTEGRATION/reset_sync_reg_reg[4]                 |                2 |              8 |         4.00 |
|  fclk          | u_CORTEXM0INTEGRATION/u_logic/L8zax6_i_1_n_0           | u_CORTEXM0INTEGRATION/reset_sync_reg_reg[4]                 |                4 |              8 |         2.00 |
|  fclk          |                                                        | uAHBVGA/uVGAInterface/HorzAddrCounter/counter_reg[9]_0      |                4 |              8 |         2.00 |
|  fclk          | u_CORTEXM0INTEGRATION/u_logic/X7abx6_i_1_n_0           | u_CORTEXM0INTEGRATION/reset_sync_reg_reg[4]                 |                2 |              8 |         4.00 |
|  fclk          | u_CORTEXM0INTEGRATION/u_logic/Mfyax6_i_1_n_0           | u_CORTEXM0INTEGRATION/reset_sync_reg_reg[4]                 |                4 |              8 |         2.00 |
|  fclk          | u_CORTEXM0INTEGRATION/u_logic/Pz9bx6_i_1_n_0           | u_CORTEXM0INTEGRATION/reset_sync_reg_reg[4]                 |                3 |              8 |         2.67 |
|  fclk          | u_CORTEXM0INTEGRATION/u_logic/Nv9bx6_i_1_n_0           | u_CORTEXM0INTEGRATION/reset_sync_reg_reg[4]                 |                2 |              8 |         4.00 |
|  fclk          | u_CORTEXM0INTEGRATION/u_logic/R1abx6_i_1_n_0           | u_CORTEXM0INTEGRATION/reset_sync_reg_reg[4]                 |                2 |              8 |         4.00 |
|  fclk          | u_CORTEXM0INTEGRATION/u_logic/Bcabx6_i_1_n_0           | u_CORTEXM0INTEGRATION/reset_sync_reg_reg[4]                 |                3 |              8 |         2.67 |
|  fclk          |                                                        | uAHBVGA/uVGAInterface/VertAddrCounter/SR[0]                 |                3 |              9 |         3.00 |
|  fclk          | uAHBVGA/uVGAInterface/HorzAddrCounter/TrigHOut         | uAHBVGA/uVGAInterface/VertAddrCounter/counter[9]_i_1__0_n_0 |                3 |              9 |         3.00 |
|  fclk          |                                                        | uAHBVGA/uVGAInterface/HorzAddrCounter/SR[0]                 |                3 |             10 |         3.33 |
|  fclk          | uAHBVGA/uvga_console/uvideo_ram/reset_addr[0]_i_2_n_0  | uAHBVGA/uvga_console/uvideo_ram/reset_n_buf_reg[0]_0        |                4 |             13 |         3.25 |
|  fclk          | uAHBVGA/uvga_image/uimage_ram/reset_addr[0]_i_1__0_n_0 | uAHBVGA/uvga_console/uvideo_ram/reset_n_buf_reg[0]_0        |                4 |             16 |         4.00 |
|  fclk          | u_CORTEXM0INTEGRATION/u_logic/Wnxax6_i_1_n_0           |                                                             |               12 |             24 |         2.00 |
|  fclk          | u_CORTEXM0INTEGRATION/u_logic/Ydkiu6                   |                                                             |               14 |             25 |         1.79 |
|  fclk          | u_CORTEXM0INTEGRATION/u_logic/Zgzpw6_i_1_n_0           |                                                             |               16 |             25 |         1.56 |
|  fclk          | uAHBMUX/hreadys                                        | u_CORTEXM0INTEGRATION/reset_sync_reg_reg[4]                 |               14 |             26 |         1.86 |
|  fclk          | u_CORTEXM0INTEGRATION/u_logic/A5qax6_i_1_n_0           |                                                             |               12 |             27 |         2.25 |
|  fclk          | u_CORTEXM0INTEGRATION/u_logic/Qsmiu6                   |                                                             |               13 |             27 |         2.08 |
|  fclk          | u_CORTEXM0INTEGRATION/u_logic/S5nax6_i_1_n_0           |                                                             |               15 |             27 |         1.80 |
|  fclk          | u_CORTEXM0INTEGRATION/u_logic/Stmiu6                   |                                                             |               17 |             27 |         1.59 |
|  fclk          | u_CORTEXM0INTEGRATION/u_logic/Xsmiu6                   |                                                             |               13 |             27 |         2.08 |
|  fclk          | u_CORTEXM0INTEGRATION/u_logic/Ltmiu6                   |                                                             |               12 |             27 |         2.25 |
|  fclk          | u_CORTEXM0INTEGRATION/u_logic/Ztmiu6                   |                                                             |               13 |             27 |         2.08 |
|  fclk          | u_CORTEXM0INTEGRATION/u_logic/Csmiu6                   |                                                             |               16 |             27 |         1.69 |
|  fclk          | u_CORTEXM0INTEGRATION/u_logic/Numiu6                   |                                                             |               14 |             27 |         1.93 |
|  fclk          | u_CORTEXM0INTEGRATION/u_logic/Etmiu6                   |                                                             |               16 |             27 |         1.69 |
|  fclk          | u_CORTEXM0INTEGRATION/u_logic/Cmlax6_i_1_n_0           |                                                             |               17 |             27 |         1.59 |
|  fclk          | u_CORTEXM0INTEGRATION/u_logic/Gumiu6                   |                                                             |               11 |             27 |         2.45 |
|  fclk          | u_CORTEXM0INTEGRATION/u_logic/Jsmiu6                   |                                                             |               15 |             27 |         1.80 |
|  fclk          | u_CORTEXM0INTEGRATION/u_logic/Kloax6_i_1_n_0           |                                                             |               12 |             27 |         2.25 |
|  fclk          | uAHBMUX/hreadys                                        |                                                             |               11 |             27 |         2.45 |
|  fclk          |                                                        |                                                             |               67 |            120 |         1.79 |
|  fclk          |                                                        | u_CORTEXM0INTEGRATION/reset_sync_reg_reg[4]                 |              134 |            199 |         1.49 |
+----------------+--------------------------------------------------------+-------------------------------------------------------------+------------------+----------------+--------------+


