


ARM Macro Assembler    Page 1 


    1 00000000         ;-------------------------------------------------------
                       -----------------------------------------------
    2 00000000         ; Design and Implementation of an AHB VGA Peripheral
    3 00000000         ; 1)Display text string: "TEST" on VGA. 
    4 00000000         ; 2)Change the color of the four corners of the image re
                       gion.
    5 00000000         ;-------------------------------------------------------
                       -----------------------------------------------
    6 00000000         
    7 00000000         ; Vector Table Mapped to Address 0 at Reset
    8 00000000         
    9 00000000                 PRESERVE8
   10 00000000                 THUMB
   11 00000000         
   12 00000000                 AREA             RESET, DATA, READONLY ; First 3
                                                            2 WORDS is VECTOR T
                                                            ABLE
   13 00000000                 EXPORT           __Vectors
   14 00000000         
   15 00000000 00003FFC 
                       __Vectors
                               DCD              0x00003FFC
   16 00000004 00000000        DCD              Reset_Handler
   17 00000008 00000000        DCD              0
   18 0000000C 00000000        DCD              0
   19 00000010 00000000        DCD              0
   20 00000014 00000000        DCD              0
   21 00000018 00000000        DCD              0
   22 0000001C 00000000        DCD              0
   23 00000020 00000000        DCD              0
   24 00000024 00000000        DCD              0
   25 00000028 00000000        DCD              0
   26 0000002C 00000000        DCD              0
   27 00000030 00000000        DCD              0
   28 00000034 00000000        DCD              0
   29 00000038 00000000        DCD              0
   30 0000003C 00000000        DCD              0
   31 00000040         
   32 00000040         ; External Interrupts
   33 00000040         
   34 00000040 00000000        DCD              0
   35 00000044 00000000        DCD              0
   36 00000048 00000000        DCD              0
   37 0000004C 00000000        DCD              0
   38 00000050 00000000        DCD              0
   39 00000054 00000000        DCD              0
   40 00000058 00000000        DCD              0
   41 0000005C 00000000        DCD              0
   42 00000060 00000000        DCD              0
   43 00000064 00000000        DCD              0
   44 00000068 00000000        DCD              0
   45 0000006C 00000000        DCD              0
   46 00000070 00000000        DCD              0
   47 00000074 00000000        DCD              0
   48 00000078 00000000        DCD              0
   49 0000007C 00000000        DCD              0
   50 00000080         
   51 00000080                 AREA             |.text|, CODE, READONLY
   52 00000000         ;Reset Handler



ARM Macro Assembler    Page 2 


   53 00000000         Reset_Handler
                               PROC
   54 00000000                 GLOBAL           Reset_Handler
   55 00000000                 ENTRY
   56 00000000         
   57 00000000         ;;;;;;;;;;;;;;;;;;;;;;;;;;;;;;;;;;;;;;;;;;;;;;;;;;;;;;;;
                       ;;;;;;;;;
   58 00000000         ;;              Complete the TO DO comments below       
                              ;;
   59 00000000         ;;;;;;;;;;;;;;;;;;;;;;;;;;;;;;;;;;;;;;;;;;;;;;;;;;;;;;;;
                       ;;;;;;;;;
   60 00000000         
   61 00000000         ;Write "TEST" to the text console
   62 00000000         
   63 00000000         
   64 00000000         
   65 00000000         ;;;;;;;;;;;;;;;;;;;;;;;;;;;;;;;;;;;;;;;;;;;;;;;;;;;;;;;;
                       ;;;;;;;;;;;;;;;;;
   66 00000000         ;;   TO DO : Repeat above 3 instructions each for #'E', 
                       #'S' and #'T'  ;;
   67 00000000         ;;;;;;;;;;;;;;;;;;;;;;;;;;;;;;;;;;;;;;;;;;;;;;;;;;;;;;;;
                       ;;;;;;;;;;;;;;;;;
   68 00000000         
   69 00000000 490B            LDR              R1, =0x50000000
   70 00000002 2054            MOVS             R0, #'T'
   71 00000004 6008            STR              R0, [R1]
   72 00000006         
   73 00000006 490A            LDR              R1, =0x50000000
   74 00000008 2045            MOVS             R0, #'E'
   75 0000000A 6008            STR              R0, [R1]
   76 0000000C         
   77 0000000C 4908            LDR              R1, =0x50000000
   78 0000000E 2053            MOVS             R0, #'S'
   79 00000010 6008            STR              R0, [R1]
   80 00000012         
   81 00000012 4907            LDR              R1, =0x50000000
   82 00000014 2054            MOVS             R0, #'T'
   83 00000016 6008            STR              R0, [R1]
   84 00000018         
   85 00000018         ;Write four white dots to four corners of the frame buff
                       er
   86 00000018         
   87 00000018 4906            LDR              R1, =0x50000004
   88 0000001A 4807            LDR              R0, =0xFF
   89 0000001C 6008            STR              R0, [R1]
   90 0000001E         
   91 0000001E 4907            LDR              R1, =0x50000190
   92 00000020 4805            LDR              R0, =0xFF
   93 00000022 6008            STR              R0, [R1]
   94 00000024         
   95 00000024 4906            LDR              R1, =0x5000EE04
   96 00000026 4804            LDR              R0, =0xFF
   97 00000028 6008            STR              R0, [R1]
   98 0000002A         
   99 0000002A 4906            LDR              R1, =0x5000EF90
  100 0000002C 4802            LDR              R0, =0xFF
  101 0000002E 6008            STR              R0, [R1]
  102 00000030         
  103 00000030         



ARM Macro Assembler    Page 3 


  104 00000030                 ENDP
  105 00000030         
  106 00000030                 ALIGN            4           ; Align to a word b
                                                            oundary
  107 00000030         
  108 00000030                 END
              50000000 
              50000004 
              000000FF 
              50000190 
              5000EE04 
              5000EF90 
Command Line: --debug --xref --diag_suppress=9931 --cpu=Cortex-M0 --apcs=interw
ork --depend=.\objects\cm0dsasm.d -o.\objects\cm0dsasm.o -I"H:\Digital Electron
ics\Lab5\Lab5\Software\RTE" -IQ:\uVision5.eps\ARM\PACK\ARM\CMSIS\5.0.0-Beta4\CM
SIS\Include -IQ:\uVision5.eps\ARM\PACK\ARM\CMSIS\5.0.0-Beta4\Device\ARM\ARMCM0\
Include --predefine="__UVISION_VERSION SETA 521" --predefine="_RTE_ SETA 1" --p
redefine="ARMCM0 SETA 1" --list=.\listings\cm0dsasm.lst Source\cm0dsasm.s



ARM Macro Assembler    Page 1 Alphabetic symbol ordering
Relocatable symbols

RESET 00000000

Symbol: RESET
   Definitions
      At line 12 in file Source\cm0dsasm.s
   Uses
      None
Comment: RESET unused
__Vectors 00000000

Symbol: __Vectors
   Definitions
      At line 15 in file Source\cm0dsasm.s
   Uses
      At line 13 in file Source\cm0dsasm.s
Comment: __Vectors used once
2 symbols



ARM Macro Assembler    Page 1 Alphabetic symbol ordering
Relocatable symbols

.text 00000000

Symbol: .text
   Definitions
      At line 51 in file Source\cm0dsasm.s
   Uses
      None
Comment: .text unused
Reset_Handler 00000000

Symbol: Reset_Handler
   Definitions
      At line 53 in file Source\cm0dsasm.s
   Uses
      At line 16 in file Source\cm0dsasm.s
      At line 54 in file Source\cm0dsasm.s

2 symbols
339 symbols in table
